==================== TIMER SUMMARY =========================================
label               	calls     	total time 	mean time  	Performance Gflops/s	Bandwidth Gbyte/s		 I 
----------------------------------------------
  1. total iteration	      1402	   94.8757	 0.0676716	   6.84764		   28.8322		    0.2375
     2. rho = <r, r>	      1402	   3.51382	0.00250629	   19.4622		   77.8489		      0.25
3. p = r + alpha * p	      1401	   8.33768	0.00595124	   12.2944		   65.5702		    0.1875
       4. q = op * p	      1401	   59.9627	 0.0427999	   3.41903		    4.5587		      0.75
     5. beta = <p,q>	      1401	   4.88466	0.00348655	   13.9903		   111.923		     0.125
6. x = x + alpha * p	      1401	    8.8145	0.00629158	   11.6294		   62.0232		    0.1875
7. r = r - alpha * q	      1401	   9.35098	 0.0066745	   10.9622		   58.4649		    0.1875
    Before cg_solver	         1	   94.9449	   94.9449	         0		         0		      -nan
    Start of program	         1	   95.0004	   95.0004	         0		         0		      -nan
============================================================================
==================== TIMER SUMMARY =========================================
label               	calls     	total time 	mean time  	Performance Gflops/s	Bandwidth Gbyte/s		 I 
----------------------------------------------
  1. total iteration	      1402	   96.2004	 0.0686165	   6.75334		   28.4351		    0.2375
     2. rho = <r, r>	      1402	   3.50052	 0.0024968	   19.5362		   78.1447		      0.25
3. p = r + alpha * p	      1401	   8.15446	0.00582046	   12.5707		   67.0435		    0.1875
       4. q = op * p	      1401	   61.4226	  0.043842	   3.33776		   4.45035		      0.75
     5. beta = <p,q>	      1401	     4.917	0.00350964	   13.8983		   111.186		     0.125
6. x = x + alpha * p	      1401	   8.90965	0.00635949	   11.5052		   61.3609		    0.1875
7. r = r - alpha * q	      1401	   9.28449	0.00662705	   11.0407		   58.8835		    0.1875
    Before cg_solver	         1	   96.2701	   96.2701	         0		         0		      -nan
    Start of program	         1	   96.3272	   96.3272	         0		         0		      -nan
============================================================================
==================== TIMER SUMMARY =========================================
label               	calls     	total time 	mean time  	Performance Gflops/s	Bandwidth Gbyte/s		 I 
----------------------------------------------
  1. total iteration	      1402	   98.6771	 0.0703831	   6.58384		   27.7214		    0.2375
     2. rho = <r, r>	      1402	   3.56162	0.00254038	    19.201		   76.8042		      0.25
3. p = r + alpha * p	      1401	   8.56705	0.00611496	   11.9653		   63.8147		    0.1875
       4. q = op * p	      1401	   62.7954	 0.0448219	   3.26479		   4.35306		      0.75
     5. beta = <p,q>	      1401	   4.92635	0.00351631	   13.8719		   110.975		     0.125
6. x = x + alpha * p	      1401	   9.11205	0.00650396	   11.2496		   59.9979		    0.1875
7. r = r - alpha * q	      1401	   9.70439	0.00692676	    10.563		   56.3357		    0.1875
    Before cg_solver	         1	   98.7479	   98.7479	         0		         0		      -nan
    Start of program	         1	   98.8022	   98.8022	         0		         0		      -nan
============================================================================
==================== TIMER SUMMARY =========================================
label               	calls     	total time 	mean time  	Performance Gflops/s	Bandwidth Gbyte/s		 I 
----------------------------------------------
  1. total iteration	      1402	   99.3805	 0.0708848	   6.53724		   27.5252		    0.2375
     2. rho = <r, r>	      1402	   3.50733	0.00250166	   19.4982		   77.9929		      0.25
3. p = r + alpha * p	      1401	   8.41107	0.00600362	   12.1871		   64.9981		    0.1875
       4. q = op * p	      1401	    64.097	 0.0457509	   3.19849		   4.26466		      0.75
     5. beta = <p,q>	      1401	    5.0577	0.00361006	   13.5117		   108.093		     0.125
6. x = x + alpha * p	      1401	   8.83446	0.00630583	   11.6031		   61.8831		    0.1875
7. r = r - alpha * q	      1401	   9.46176	0.00675357	   10.8338		   57.7804		    0.1875
    Before cg_solver	         1	   99.4526	   99.4526	         0		         0		      -nan
    Start of program	         1	   99.5069	   99.5069	         0		         0		      -nan
============================================================================
==================== TIMER SUMMARY =========================================
label               	calls     	total time 	mean time  	Performance Gflops/s	Bandwidth Gbyte/s		 I 
----------------------------------------------
  1. total iteration	      1402	   112.239	 0.0800563	   5.78831		   24.3718		    0.2375
     2. rho = <r, r>	      1402	   3.52835	0.00251665	   19.3821		   77.5284		      0.25
3. p = r + alpha * p	      1401	   8.44875	0.00603052	   12.1328		   64.7082		    0.1875
       4. q = op * p	      1401	   76.8183	 0.0548311	   2.66882		   3.55842		      0.75
     5. beta = <p,q>	      1401	   5.00661	 0.0035736	   13.6495		   109.196		     0.125
6. x = x + alpha * p	      1401	   9.07524	0.00647769	   11.2952		   60.2412		    0.1875
7. r = r - alpha * q	      1401	   9.34894	0.00667304	   10.9646		   58.4777		    0.1875
    Before cg_solver	         1	    112.32	    112.32	         0		         0		      -nan
    Start of program	         1	   112.375	   112.375	         0		         0		      -nan
============================================================================
==================== TIMER SUMMARY =========================================
label               	calls     	total time 	mean time  	Performance Gflops/s	Bandwidth Gbyte/s		 I 
----------------------------------------------
  1. total iteration	      1402	   103.465	 0.0737983	   6.27915		   26.4385		    0.2375
     2. rho = <r, r>	      1402	   3.60632	0.00257227	    18.963		   75.8521		      0.25
3. p = r + alpha * p	      1401	   8.78941	0.00627367	   11.6626		   62.2003		    0.1875
       4. q = op * p	      1401	   67.1581	 0.0479358	   3.05271		   4.07027		      0.75
     5. beta = <p,q>	      1401	   5.19128	0.00370541	    13.164		   105.312		     0.125
6. x = x + alpha * p	      1401	   9.10754	0.00650074	   11.2552		   60.0276		    0.1875
7. r = r - alpha * q	      1401	   9.60011	0.00685232	   10.6777		   56.9477		    0.1875
    Before cg_solver	         1	   103.539	   103.539	         0		         0		      -nan
    Start of program	         1	   103.595	   103.595	         0		         0		      -nan
============================================================================
==================== TIMER SUMMARY =========================================
label               	calls     	total time 	mean time  	Performance Gflops/s	Bandwidth Gbyte/s		 I 
----------------------------------------------
  1. total iteration	      1402	   102.413	 0.0730478	   6.34366		   26.7102		    0.2375
     2. rho = <r, r>	      1402	   3.52125	0.00251159	   19.4211		   77.6846		      0.25
3. p = r + alpha * p	      1401	   8.48414	0.00605577	   12.0822		   64.4383		    0.1875
       4. q = op * p	      1401	   67.4059	 0.0481127	   3.04148		   4.05531		      0.75
     5. beta = <p,q>	      1401	   4.80564	0.00343015	   14.2204		   113.763		     0.125
6. x = x + alpha * p	      1401	   8.83543	0.00630651	   11.6018		   61.8763		    0.1875
7. r = r - alpha * q	      1401	   9.35022	0.00667396	    10.963		   58.4696		    0.1875
    Before cg_solver	         1	   102.488	   102.488	         0		         0		      -nan
    Start of program	         1	   102.543	   102.543	         0		         0		      -nan
============================================================================
