==================== TIMER SUMMARY =========================================
label               	calls     	total time 	mean time  	Performance Gflops/s	Bandwidth Gbyte/s		 I 
----------------------------------------------
  1. total iteration	      1502	   929.342	  0.618737	  0.748931		   3.15339		    0.2375
     2. rho = <r, r>	      1502	   39.2942	 0.0261613	   1.86451		   7.45805		      0.25
3. p = r + alpha * p	      1501	   41.1505	 0.0274154	   2.66883		   14.2338		    0.1875
       4. q = op * p	      1501	    720.57	   0.48006	  0.304825		  0.406433		      0.75
     5. beta = <p,q>	      1501	   43.9469	 0.0292784	   1.66601		   13.3281		     0.125
6. x = x + alpha * p	      1501	   41.4048	 0.0275848	   2.65244		   14.1463		    0.1875
7. r = r - alpha * q	      1501	   42.9646	  0.028624	   2.55614		   13.6328		    0.1875
    Before cg_solver	         1	   929.966	   929.966	         0		         0		      -nan
    Start of program	         1	   930.497	   930.497	         0		         0		      -nan
============================================================================
==================== TIMER SUMMARY =========================================
label               	calls     	total time 	mean time  	Performance Gflops/s	Bandwidth Gbyte/s		 I 
----------------------------------------------
  1. total iteration	      1502	   917.636	  0.610942	  0.758486		   3.19362		    0.2375
     2. rho = <r, r>	      1502	   39.2437	 0.0261276	   1.86691		   7.46765		      0.25
3. p = r + alpha * p	      1501	   41.0583	 0.0273539	   2.67483		   14.2657		    0.1875
       4. q = op * p	      1501	   710.249	  0.473184	  0.309254		 0.0515424		         6
     5. beta = <p,q>	      1501	   43.1443	 0.0287437	     1.697		    13.576		     0.125
6. x = x + alpha * p	      1501	   41.4153	 0.0275918	   2.65177		   14.1428		    0.1875
7. r = r - alpha * q	      1501	   42.5138	 0.0283237	   2.58325		   13.7773		    0.1875
    Before cg_solver	         1	   918.253	   918.253	         0		         0		      -nan
    Start of program	         1	   918.785	   918.785	         0		         0		      -nan
============================================================================
==================== TIMER SUMMARY =========================================
label               	calls     	total time 	mean time  	Performance Gflops/s	Bandwidth Gbyte/s		 I 
----------------------------------------------
  1. total iteration	      1502	   932.523	  0.620854	  0.746377		   3.14264		    0.2375
     2. rho = <r, r>	      1502	   39.2877	 0.0261569	   1.86482		    7.4593		      0.25
3. p = r + alpha * p	      1501	   41.4132	 0.0275904	    2.6519		   14.1434		    0.1875
       4. q = op * p	      1501	   724.565	  0.482721	  0.303144		  0.050524		         6
     5. beta = <p,q>	      1501	   43.1178	  0.028726	   1.69804		   13.5843		     0.125
6. x = x + alpha * p	      1501	   41.3088	 0.0275208	    2.6586		   14.1792		    0.1875
7. r = r - alpha * q	      1501	   42.8183	 0.0285265	   2.56488		   13.6793		    0.1875
    Before cg_solver	         1	    933.15	    933.15	         0		         0		      -nan
    Start of program	         1	   933.682	   933.682	         0		         0		      -nan
============================================================================
==================== TIMER SUMMARY =========================================
label               	calls     	total time 	mean time  	Performance Gflops/s	Bandwidth Gbyte/s		 I 
----------------------------------------------
  1. total iteration	      1502	   946.231	  0.629981	  0.735564		   3.09711		    0.2375
     2. rho = <r, r>	      1502	   39.3237	 0.0261809	   1.86312		   7.45247		      0.25
3. p = r + alpha * p	      1501	   41.1693	 0.0274279	   2.66761		   14.2273		    0.1875
       4. q = op * p	      1501	   738.618	  0.492084	  0.297376		 0.0495627		         6
     5. beta = <p,q>	      1501	   43.1426	 0.0287426	   1.69707		   13.5765		     0.125
6. x = x + alpha * p	      1501	    41.479	 0.0276342	    2.6477		    14.121		    0.1875
7. r = r - alpha * q	      1501	   42.4876	 0.0283062	   2.58484		   13.7858		    0.1875
    Before cg_solver	         1	   946.869	   946.869	         0		         0		      -nan
    Start of program	         1	   947.401	   947.401	         0		         0		      -nan
============================================================================
==================== TIMER SUMMARY =========================================
label               	calls     	total time 	mean time  	Performance Gflops/s	Bandwidth Gbyte/s		 I 
----------------------------------------------
  1. total iteration	      1502	   1095.15	  0.729126	  0.635543		   2.67597		    0.2375
     2. rho = <r, r>	      1502	    39.273	 0.0261471	   1.86552		   7.46208		      0.25
3. p = r + alpha * p	      1501	   41.1635	  0.027424	   2.66799		   14.2293		    0.1875
       4. q = op * p	      1501	   886.747	  0.590771	    0.2477		 0.0412834		         6
     5. beta = <p,q>	      1501	   43.2319	 0.0288021	   1.69356		   13.5485		     0.125
6. x = x + alpha * p	      1501	   41.8476	 0.0278798	   2.62437		   13.9967		    0.1875
7. r = r - alpha * q	      1501	   42.8719	 0.0285623	   2.56167		   13.6622		    0.1875
    Before cg_solver	         1	   1095.89	   1095.89	         0		         0		      -nan
    Start of program	         1	   1096.42	   1096.42	         0		         0		      -nan
============================================================================
==================== TIMER SUMMARY =========================================
label               	calls     	total time 	mean time  	Performance Gflops/s	Bandwidth Gbyte/s		 I 
----------------------------------------------
  1. total iteration	      1502	    971.86	  0.647044	  0.716166		   3.01544		    0.2375
     2. rho = <r, r>	      1502	    39.283	 0.0261538	   1.86504		   7.46017		      0.25
3. p = r + alpha * p	      1501	   41.1781	 0.0274338	   2.66704		   14.2242		    0.1875
       4. q = op * p	      1501	   764.098	  0.509059	   0.28746		   0.04791		         6
     5. beta = <p,q>	      1501	   43.2508	 0.0288146	   1.69282		   13.5426		     0.125
6. x = x + alpha * p	      1501	   41.4615	 0.0276226	   2.64881		    14.127		    0.1875
7. r = r - alpha * q	      1501	   42.5769	 0.0283657	   2.57942		   13.7569		    0.1875
    Before cg_solver	         1	   972.512	   972.512	         0		         0		      -nan
    Start of program	         1	   973.043	   973.043	         0		         0		      -nan
============================================================================
==================== TIMER SUMMARY =========================================
label               	calls     	total time 	mean time  	Performance Gflops/s	Bandwidth Gbyte/s		 I 
----------------------------------------------
  1. total iteration	      1502	   972.883	  0.647725	  0.715413		   3.01226		    0.2375
     2. rho = <r, r>	      1502	   39.2489	 0.0261311	   1.86667		   7.46666		      0.25
3. p = r + alpha * p	      1501	   41.1922	 0.0274432	   2.66613		   14.2193		    0.1875
       4. q = op * p	      1501	   765.117	  0.509738	  0.287077		 0.0478461		         6
     5. beta = <p,q>	      1501	   43.0679	 0.0286928	   1.70001		   13.6001		     0.125
6. x = x + alpha * p	      1501	   41.2852	 0.0275051	   2.66012		   14.1873		    0.1875
7. r = r - alpha * q	      1501	   42.9599	 0.0286209	   2.55642		   13.6342		    0.1875
    Before cg_solver	         1	   973.535	   973.535	         0		         0		      -nan
    Start of program	         1	   974.066	   974.066	         0		         0		      -nan
============================================================================
