==================== TIMER SUMMARY =========================================
label               	calls     	total time 	mean time  	Performance Gflops/s	Bandwidth Gbyte/s		 I 
----------------------------------------------
  1. total iteration	      3263	   2110.28	  0.646729	   6.34578		   26.7191		    0.2375
     2. rho = <r, r>	      3263	   71.9411	 0.0220475	    19.594		   78.3761		      0.25
3. p = r + alpha * p	      3262	   223.099	 0.0683933	   9.47461		   50.5313		    0.1875
       4. q = op * p	      3262	   1239.19	  0.379886	   3.41155		   4.54873		      0.75
     5. beta = <p,q>	      3262	   126.775	 0.0388643	   11.1156		   88.9249		     0.125
6. x = x + alpha * p	      3262	   221.899	 0.0680254	   9.52585		   50.8045		    0.1875
7. r = r - alpha * q	      3262	   227.348	 0.0696959	   9.29754		   49.5869		    0.1875
    Before cg_solver	         1	   2110.89	   2110.89	         0		         0		      -nan
    Start of program	         1	   2111.37	   2111.37	         0		         0		      -nan
============================================================================
==================== TIMER SUMMARY =========================================
label               	calls     	total time 	mean time  	Performance Gflops/s	Bandwidth Gbyte/s		 I 
----------------------------------------------
  1. total iteration	      3263	   2137.95	   0.65521	   6.26364		   26.3732		    0.2375
     2. rho = <r, r>	      3263	   71.8298	 0.0220134	   19.6244		   78.4975		      0.25
3. p = r + alpha * p	      3262	   222.621	 0.0682469	   9.49494		   50.6397		    0.1875
       4. q = op * p	      3262	   1268.75	  0.388947	   3.33207		   4.44276		      0.75
     5. beta = <p,q>	      3262	   127.217	 0.0389998	    11.077		   88.6159		     0.125
6. x = x + alpha * p	      3262	   220.832	 0.0676985	   9.57186		   51.0499		    0.1875
7. r = r - alpha * q	      3262	   226.678	 0.0694905	   9.32501		   49.7334		    0.1875
    Before cg_solver	         1	   2138.57	   2138.57	         0		         0		      -nan
    Start of program	         1	   2139.04	   2139.04	         0		         0		      -nan
============================================================================
==================== TIMER SUMMARY =========================================
label               	calls     	total time 	mean time  	Performance Gflops/s	Bandwidth Gbyte/s		 I 
----------------------------------------------
  1. total iteration	      3263	   2228.43	  0.682938	   6.00933		   25.3025		    0.2375
     2. rho = <r, r>	      3263	   71.8802	 0.0220289	   19.6106		   78.4426		      0.25
3. p = r + alpha * p	      3262	    224.55	 0.0688382	   9.41338		   50.2047		    0.1875
       4. q = op * p	      3262	   1356.26	  0.415775	   3.11707		   4.15609		      0.75
     5. beta = <p,q>	      3262	   126.866	 0.0388921	   11.1077		   88.8612		     0.125
6. x = x + alpha * p	      3262	   222.761	 0.0682897	   9.48898		   50.6079		    0.1875
7. r = r - alpha * q	      3262	   226.074	 0.0693054	   9.34992		   49.8662		    0.1875
    Before cg_solver	         1	   2229.07	   2229.07	         0		         0		      -nan
    Start of program	         1	   2229.54	   2229.54	         0		         0		      -nan
============================================================================
srun: Job step aborted: Waiting up to 32 seconds for job step to finish.
slurmstepd: error: *** JOB 2212432 ON cmp140 CANCELLED AT 2023-04-07T21:34:12 ***
slurmstepd: error: *** STEP 2212432.3 ON cmp140 CANCELLED AT 2023-04-07T21:34:12 ***
