==================== TIMER SUMMARY =========================================
label               	calls     	total time 	mean time 	total Gflops 	mean Gflops  	Gflops/s	total datastream	mean datastream	bandwidth Gbyte/s		 I 
----------------------------------------------
  1. total iteration	      3263	   1914.18	  0.586632	   13391.4	     4.104	   6.99586	   7048.08	      2.16	   3.68203	       1.9
     2. rho = <r, r>	      3263	   74.1067	 0.0227112	   1409.62	     0.432	   19.0214	   5638.46	     1.728	   76.0857	      0.25
3. p = r + alpha * p	      3262	   161.028	 0.0493648	   2113.78	     0.648	   13.1268	   11273.5	     3.456	   70.0094	    0.1875
       4. q = op * p	      3262	   1271.07	  0.389659	   4227.55	     1.296	   3.32599	   704.592	     0.216	  0.554331	         6
     5. beta = <p,q>	      3262	   107.775	 0.0330394	   1409.18	     0.432	   13.0753	   11273.5	     3.456	   104.602	     0.125
6. x = x + alpha * p	      3262	    138.85	  0.042566	   2113.78	     0.648	   15.2234	   11273.5	     3.456	   81.1915	    0.1875
7. r = r - alpha * q	      3262	   161.287	 0.0494443	   2113.78	     0.648	   13.1057	   11273.5	     3.456	   69.8968	    0.1875
    Before cg_solver	         1	   1914.73	   1914.73	         0	         0	         0	         0	         0	         0	      -nan
    Start of program	         1	   1915.16	   1915.16	         0	         0	         0	         0	         0	         0	      -nan
============================================================================
==================== TIMER SUMMARY =========================================
label               	calls     	total time 	mean time 	total Gflops 	mean Gflops  	Gflops/s	total datastream	mean datastream	bandwidth Gbyte/s		 I 
----------------------------------------------
  1. total iteration	      3263	   2212.85	  0.678163	   13391.4	     4.104	   6.05164	   7048.08	      2.16	   3.18507	       1.9
     2. rho = <r, r>	      3263	   84.2932	  0.025833	   1409.62	     0.432	   16.7228	   5638.46	     1.728	   66.8911	      0.25
3. p = r + alpha * p	      3262	   171.703	 0.0526374	   2113.78	     0.648	   12.3106	   11273.5	     3.456	   65.6568	    0.1875
       4. q = op * p	      3262	   1507.91	  0.462264	   4227.55	     1.296	   2.80359	   704.592	     0.216	  0.467265	         6
     5. beta = <p,q>	      3262	   110.876	 0.0339903	   1409.18	     0.432	   12.7095	   11273.5	     3.456	   101.676	     0.125
6. x = x + alpha * p	      3262	   165.362	 0.0506934	   2113.78	     0.648	   12.7827	   11273.5	     3.456	   68.1746	    0.1875
7. r = r - alpha * q	      3262	   172.654	  0.052929	   2113.78	     0.648	   12.2428	   11273.5	     3.456	    65.295	    0.1875
    Before cg_solver	         1	   2213.49	   2213.49	         0	         0	         0	         0	         0	         0	      -nan
    Start of program	         1	   2214.01	   2214.01	         0	         0	         0	         0	         0	         0	      -nan
============================================================================
==================== TIMER SUMMARY =========================================
label               	calls     	total time 	mean time 	total Gflops 	mean Gflops  	Gflops/s	total datastream	mean datastream	bandwidth Gbyte/s		 I 
----------------------------------------------
  1. total iteration	      3265	   2935.82	  0.899179	   13399.6	     4.104	   4.56416	    7052.4	      2.16	   2.40219	       1.9
     2. rho = <r, r>	      3265	   110.128	 0.0337297	   1410.48	     0.432	   12.8077	   5641.92	     1.728	   51.2308	      0.25
3. p = r + alpha * p	      3264	   264.711	 0.0811003	   2115.07	     0.648	    7.9901	   11280.4	     3.456	   42.6139	    0.1875
       4. q = op * p	      3264	   1896.82	  0.581133	   4230.14	     1.296	   2.23013	   705.024	     0.216	  0.371688	         6
     5. beta = <p,q>	      3264	    172.97	 0.0529932	   1410.05	     0.432	   8.15198	   11280.4	     3.456	   65.2159	     0.125
6. x = x + alpha * p	      3264	   223.474	 0.0684662	   2115.07	     0.648	   9.46452	   11280.4	     3.456	   50.4774	    0.1875
7. r = r - alpha * q	      3264	   267.666	 0.0820056	   2115.07	     0.648	    7.9019	   11280.4	     3.456	   42.1435	    0.1875
    Before cg_solver	         1	   2936.62	   2936.62	         0	         0	         0	         0	         0	         0	      -nan
    Start of program	         1	   2937.26	   2937.26	         0	         0	         0	         0	         0	         0	      -nan
============================================================================
srun: Job step aborted: Waiting up to 32 seconds for job step to finish.
slurmstepd: error: *** STEP 2208967.3 ON cmp038 CANCELLED AT 2023-04-05T21:17:49 DUE TO TIME LIMIT ***
slurmstepd: error: *** JOB 2208967 ON cmp038 CANCELLED AT 2023-04-05T21:17:49 DUE TO TIME LIMIT ***
