==================== TIMER SUMMARY =========================================
label               	calls     	total time 	mean time 	total Gflops 	mean Gflops  	Gflops/s	total datastream	mean datastream	bandwidth Gbyte/s		 I 
----------------------------------------------
  1. total iteration	      3263	   1831.71	  0.561358	   13391.4	     4.104	   7.31085	   7048.08	      2.16	   3.84781	       1.9
     2. rho = <r, r>	      3263	   71.6703	 0.0219646	   1409.62	     0.432	   19.6681	   5638.46	     1.728	   78.6722	      0.25
3. p = r + alpha * p	      3262	    137.83	 0.0422531	   2113.78	     0.648	   15.3361	   11273.5	     3.456	   81.7927	    0.1875
       4. q = op * p	      3262	   1261.87	  0.386841	   4227.55	     1.296	   3.35022	   704.592	     0.216	   0.55837	         6
     5. beta = <p,q>	      3262	    94.133	 0.0288574	   1409.18	     0.432	   14.9701	   11273.5	     3.456	   119.761	     0.125
6. x = x + alpha * p	      3262	   128.362	 0.0393507	   2113.78	     0.648	   16.4673	   11273.5	     3.456	   87.8257	    0.1875
7. r = r - alpha * q	      3262	   137.785	 0.0422394	   2113.78	     0.648	   15.3411	   11273.5	     3.456	   81.8193	    0.1875
    Before cg_solver	         1	   1832.26	   1832.26	         0	         0	         0	         0	         0	         0	      -nan
    Start of program	         1	   1832.72	   1832.72	         0	         0	         0	         0	         0	         0	      -nan
============================================================================
==================== TIMER SUMMARY =========================================
label               	calls     	total time 	mean time 	total Gflops 	mean Gflops  	Gflops/s	total datastream	mean datastream	bandwidth Gbyte/s		 I 
----------------------------------------------
  1. total iteration	      3263	   2380.19	   0.72945	   13391.4	     4.104	   5.62616	   7048.08	      2.16	   2.96114	       1.9
     2. rho = <r, r>	      3263	     88.16	 0.0270181	   1409.62	     0.432	   15.9893	   5638.46	     1.728	   63.9572	      0.25
3. p = r + alpha * p	      3262	   218.311	 0.0669254	   2113.78	     0.648	   9.68243	   11273.5	     3.456	   51.6396	    0.1875
       4. q = op * p	      3262	   1517.87	  0.465318	   4227.55	     1.296	   2.78519	   704.592	     0.216	  0.464199	         6
     5. beta = <p,q>	      3262	   136.304	 0.0417855	   1409.18	     0.432	   10.3385	   11273.5	     3.456	   82.7081	     0.125
6. x = x + alpha * p	      3262	   198.623	   0.06089	   2113.78	     0.648	   10.6421	   11273.5	     3.456	   56.7581	    0.1875
7. r = r - alpha * q	      3262	   220.837	    0.0677	   2113.78	     0.648	   9.57164	   11273.5	     3.456	   51.0488	    0.1875
    Before cg_solver	         1	   2380.87	   2380.87	         0	         0	         0	         0	         0	         0	      -nan
    Start of program	         1	   2381.42	   2381.42	         0	         0	         0	         0	         0	         0	      -nan
============================================================================
==================== TIMER SUMMARY =========================================
label               	calls     	total time 	mean time 	total Gflops 	mean Gflops  	Gflops/s	total datastream	mean datastream	bandwidth Gbyte/s		 I 
----------------------------------------------
  1. total iteration	      3265	   2739.84	  0.839154	   13399.6	     4.104	   4.89064	    7052.4	      2.16	   2.57402	       1.9
     2. rho = <r, r>	      3265	   106.363	 0.0325768	   1410.48	     0.432	    13.261	   5641.92	     1.728	   53.0439	      0.25
3. p = r + alpha * p	      3264	   205.152	  0.062853	   2115.07	     0.648	   10.3098	   11280.4	     3.456	   54.9855	    0.1875
       4. q = op * p	      3264	   1889.23	  0.578807	   4230.14	     1.296	   2.23909	   705.024	     0.216	  0.373181	         6
     5. beta = <p,q>	      3264	   140.695	 0.0431051	   1410.05	     0.432	    10.022	   11280.4	     3.456	   80.1761	     0.125
6. x = x + alpha * p	      3264	   191.897	  0.058792	   2115.07	     0.648	   11.0219	   11280.4	     3.456	   58.7835	    0.1875
7. r = r - alpha * q	      3264	   206.467	 0.0632559	   2115.07	     0.648	   10.2441	   11280.4	     3.456	   54.6353	    0.1875
    Before cg_solver	         1	   2740.65	   2740.65	         0	         0	         0	         0	         0	         0	      -nan
    Start of program	         1	   2741.33	   2741.33	         0	         0	         0	         0	         0	         0	      -nan
============================================================================
==================== TIMER SUMMARY =========================================
label               	calls     	total time 	mean time 	total Gflops 	mean Gflops  	Gflops/s	total datastream	mean datastream	bandwidth Gbyte/s		 I 
----------------------------------------------
  1. total iteration	      3270	   3473.28	   1.06216	   13420.1	     4.104	   3.86381	    7063.2	      2.16	   2.03358	       1.9
     2. rho = <r, r>	      3270	   138.432	  0.042334	   1412.64	     0.432	   10.2046	   5650.56	     1.728	   40.8182	      0.25
3. p = r + alpha * p	      3269	   218.984	  0.066988	   2118.31	     0.648	   9.67337	   11297.7	     3.456	   51.5913	    0.1875
       4. q = op * p	      3269	   2509.84	   0.76777	   4236.62	     1.296	   1.68801	   706.104	     0.216	  0.281334	         6
     5. beta = <p,q>	      3269	   166.916	 0.0510604	   1412.21	     0.432	   8.46057	   11297.7	     3.456	   67.6846	     0.125
6. x = x + alpha * p	      3269	   218.557	 0.0668573	   2118.31	     0.648	   9.69228	   11297.7	     3.456	   51.6921	    0.1875
7. r = r - alpha * q	      3269	   220.522	 0.0674586	   2118.31	     0.648	   9.60589	   11297.7	     3.456	   51.2314	    0.1875
    Before cg_solver	         1	   3474.33	   3474.33	         0	         0	         0	         0	         0	         0	      -nan
    Start of program	         1	   3475.25	   3475.25	         0	         0	         0	         0	         0	         0	      -nan
============================================================================
==================== TIMER SUMMARY =========================================
label               	calls     	total time 	mean time 	total Gflops 	mean Gflops  	Gflops/s	total datastream	mean datastream	bandwidth Gbyte/s		 I 
----------------------------------------------
  1. total iteration	      3287	    5134.9	   1.56218	   13489.8	     4.104	   2.62709	   7099.92	      2.16	   1.38268	       1.9
     2. rho = <r, r>	      3287	   203.694	 0.0619696	   1419.98	     0.432	   6.97116	   5679.94	     1.728	   27.8846	      0.25
3. p = r + alpha * p	      3286	   331.301	  0.100822	   2129.33	     0.648	   6.42717	   11356.4	     3.456	   34.2782	    0.1875
       4. q = op * p	      3286	   3688.13	   1.12238	   4258.66	     1.296	   1.15469	   709.776	     0.216	  0.192449	         6
     5. beta = <p,q>	      3286	   247.655	 0.0753667	   1419.55	     0.432	   5.73198	   11356.4	     3.456	   45.8558	     0.125
6. x = x + alpha * p	      3286	   331.781	  0.100968	   2129.33	     0.648	   6.41786	   11356.4	     3.456	   34.2286	    0.1875
7. r = r - alpha * q	      3286	   332.315	  0.101131	   2129.33	     0.648	   6.40756	   11356.4	     3.456	   34.1737	    0.1875
    Before cg_solver	         1	   5136.44	   5136.44	         0	         0	         0	         0	         0	         0	      -nan
    Start of program	         1	   5137.78	   5137.78	         0	         0	         0	         0	         0	         0	      -nan
============================================================================
==================== TIMER SUMMARY =========================================
label               	calls     	total time 	mean time 	total Gflops 	mean Gflops  	Gflops/s	total datastream	mean datastream	bandwidth Gbyte/s		 I 
----------------------------------------------
  1. total iteration	      3404	    9728.3	    2.8579	     13970	     4.104	   1.43602	   7352.64	      2.16	  0.755799	       1.9
     2. rho = <r, r>	      3404	   399.704	  0.117422	   1470.53	     0.432	   3.67904	   5882.11	     1.728	   14.7162	      0.25
3. p = r + alpha * p	      3403	   528.917	  0.155427	   2205.14	     0.648	   4.16917	   11760.8	     3.456	   22.2356	    0.1875
       4. q = op * p	      3403	   7252.94	   2.13134	   4410.29	     1.296	  0.608069	   735.048	     0.216	  0.101345	         6
     5. beta = <p,q>	      3403	   482.152	  0.141684	    1470.1	     0.432	   3.04903	   11760.8	     3.456	   24.3922	     0.125
6. x = x + alpha * p	      3403	    530.44	  0.155874	   2205.14	     0.648	    4.1572	   11760.8	     3.456	   22.1717	    0.1875
7. r = r - alpha * q	      3403	    534.12	  0.156956	   2205.14	     0.648	   4.12856	   11760.8	     3.456	    22.019	    0.1875
    Before cg_solver	         1	   9731.16	   9731.16	         0	         0	         0	         0	         0	         0	      -nan
    Start of program	         1	   9733.72	   9733.72	         0	         0	         0	         0	         0	         0	      -nan
============================================================================
==================== TIMER SUMMARY =========================================
label               	calls     	total time 	mean time 	total Gflops 	mean Gflops  	Gflops/s	total datastream	mean datastream	bandwidth Gbyte/s		 I 
----------------------------------------------
  1. total iteration	      3411	   18720.6	    5.4883	   13998.7	     4.104	  0.747773	   7367.76	      2.16	  0.393565	       1.9
     2. rho = <r, r>	      3411	    795.88	  0.233327	   1473.55	     0.432	   1.85148	   5894.21	     1.728	    7.4059	      0.25
3. p = r + alpha * p	      3410	   857.815	  0.251559	   2209.68	     0.648	   2.57594	     11785	     3.456	   13.7384	    0.1875
       4. q = op * p	      3410	   14443.2	   4.23555	   4419.36	     1.296	  0.305981	    736.56	     0.216	 0.0509969	         6
     5. beta = <p,q>	      3410	   909.524	  0.266723	   1473.12	     0.432	   1.61966	     11785	     3.456	   12.9573	     0.125
6. x = x + alpha * p	      3410	   856.306	  0.251116	   2209.68	     0.648	   2.58048	     11785	     3.456	   13.7626	    0.1875
7. r = r - alpha * q	      3410	   857.791	  0.251552	   2209.68	     0.648	   2.57601	     11785	     3.456	   13.7387	    0.1875
    Before cg_solver	         1	   18726.1	   18726.1	         0	         0	         0	         0	         0	         0	      -nan
    Start of program	         1	   18731.2	   18731.2	         0	         0	         0	         0	         0	         0	      -nan
============================================================================
