==================== TIMER SUMMARY =========================================
label               	calls     	total time 	mean time  	Performance Gflops/s	Bandwidth Gbyte/s		 I 
----------------------------------------------
  1. total iteration	      1502	   936.127	  0.623254	  0.743503		   3.13054		    0.2375
     2. rho = <r, r>	      1502	   39.6585	 0.0264038	   1.84738		   7.38954		      0.25
3. p = r + alpha * p	      1501	   40.9281	 0.0272672	   2.68333		   14.3111		    0.1875
       4. q = op * p	      1501	   728.674	  0.485459	  0.301434		  0.401912		      0.75
     5. beta = <p,q>	      1501	   43.9423	 0.0292753	   1.66618		   13.3294		     0.125
6. x = x + alpha * p	      1501	   40.9231	 0.0272639	   2.68366		   14.3129		    0.1875
7. r = r - alpha * q	      1501	   41.9899	 0.0279746	   2.61548		   13.9492		    0.1875
    Before cg_solver	         1	    936.76	    936.76	         0		         0		      -nan
    Start of program	         1	    937.31	    937.31	         0		         0		      -nan
============================================================================
==================== TIMER SUMMARY =========================================
label               	calls     	total time 	mean time  	Performance Gflops/s	Bandwidth Gbyte/s		 I 
----------------------------------------------
  1. total iteration	      1502	   925.559	  0.616218	  0.751992		   3.16628		    0.2375
     2. rho = <r, r>	      1502	   39.6246	 0.0263812	   1.84897		   7.39587		      0.25
3. p = r + alpha * p	      1501	    40.596	  0.027046	   2.70528		   14.4282		    0.1875
       4. q = op * p	      1501	   718.242	  0.478509	  0.305812		   0.40775		      0.75
     5. beta = <p,q>	      1501	   43.7698	 0.0291604	   1.67275		    13.382		     0.125
6. x = x + alpha * p	      1501	   40.8632	  0.027224	   2.68759		   14.3338		    0.1875
7. r = r - alpha * q	      1501	   42.4525	 0.0282828	   2.58698		   13.7972		    0.1875
    Before cg_solver	         1	   926.181	   926.181	         0		         0		      -nan
    Start of program	         1	   926.713	   926.713	         0		         0		      -nan
============================================================================
==================== TIMER SUMMARY =========================================
label               	calls     	total time 	mean time  	Performance Gflops/s	Bandwidth Gbyte/s		 I 
----------------------------------------------
  1. total iteration	      1502	   946.241	  0.629988	  0.735556		   3.09708		    0.2375
     2. rho = <r, r>	      1502	   39.6245	 0.0263811	   1.84897		   7.39589		      0.25
3. p = r + alpha * p	      1501	   41.3706	  0.027562	   2.65463		    14.158		    0.1875
       4. q = op * p	      1501	   738.158	  0.491778	  0.297561		  0.396748		      0.75
     5. beta = <p,q>	      1501	   43.9572	 0.0292853	   1.66562		   13.3249		     0.125
6. x = x + alpha * p	      1501	   41.1441	 0.0274111	   2.66925		    14.236		    0.1875
7. r = r - alpha * q	      1501	   41.9744	 0.0279643	   2.61645		   13.9544		    0.1875
    Before cg_solver	         1	   946.878	   946.878	         0		         0		      -nan
    Start of program	         1	    947.41	    947.41	         0		         0		      -nan
============================================================================
==================== TIMER SUMMARY =========================================
label               	calls     	total time 	mean time  	Performance Gflops/s	Bandwidth Gbyte/s		 I 
----------------------------------------------
  1. total iteration	      1502	   977.767	  0.650976	   0.71184		   2.99722		    0.2375
     2. rho = <r, r>	      1502	   39.6189	 0.0263774	   1.84923		   7.39693		      0.25
3. p = r + alpha * p	      1501	   41.3666	 0.0275594	   2.65489		   14.1594		    0.1875
       4. q = op * p	      1501	   768.998	  0.512324	  0.285628		  0.380837		      0.75
     5. beta = <p,q>	      1501	    44.081	 0.0293677	   1.66094		   13.2875		     0.125
6. x = x + alpha * p	      1501	   41.5108	 0.0276554	   2.64567		   14.1102		    0.1875
7. r = r - alpha * q	      1501	   42.1816	 0.0281023	   2.60359		   13.8858		    0.1875
    Before cg_solver	         1	   978.423	   978.423	         0		         0		      -nan
    Start of program	         1	   978.954	   978.954	         0		         0		      -nan
============================================================================
==================== TIMER SUMMARY =========================================
label               	calls     	total time 	mean time  	Performance Gflops/s	Bandwidth Gbyte/s		 I 
----------------------------------------------
  1. total iteration	      1502	   1155.31	  0.769183	  0.602446		   2.53661		    0.2375
     2. rho = <r, r>	      1502	   39.5838	  0.026354	   1.85087		   7.40349		      0.25
3. p = r + alpha * p	      1501	   41.8493	  0.027881	   2.62426		   13.9961		    0.1875
       4. q = op * p	      1501	   946.505	  0.630583	  0.232061		  0.309415		      0.75
     5. beta = <p,q>	      1501	   43.9304	 0.0292674	   1.66663		    13.333		     0.125
6. x = x + alpha * p	      1501	   41.6207	 0.0277287	   2.63868		   14.0729		    0.1875
7. r = r - alpha * q	      1501	   41.8112	 0.0278555	   2.62666		   14.0088		    0.1875
    Before cg_solver	         1	   1156.09	   1156.09	         0		         0		      -nan
    Start of program	         1	   1156.63	   1156.63	         0		         0		      -nan
============================================================================
==================== TIMER SUMMARY =========================================
label               	calls     	total time 	mean time  	Performance Gflops/s	Bandwidth Gbyte/s		 I 
----------------------------------------------
  1. total iteration	      1502	    1165.1	  0.775697	  0.597387		   2.51531		    0.2375
     2. rho = <r, r>	      1502	   39.5715	 0.0263459	   1.85145		   7.40578		      0.25
3. p = r + alpha * p	      1501	    41.364	 0.0275576	   2.65505		   14.1603		    0.1875
       4. q = op * p	      1501	   956.056	  0.636946	  0.229743		  0.306324		      0.75
     5. beta = <p,q>	      1501	   43.9376	 0.0292722	   1.66636		   13.3309		     0.125
6. x = x + alpha * p	      1501	   41.8332	 0.0278702	   2.62527		   14.0015		    0.1875
7. r = r - alpha * q	      1501	   42.3215	 0.0281956	   2.59498		   13.8399		    0.1875
    Before cg_solver	         1	   1165.88	   1165.88	         0		         0		      -nan
    Start of program	         1	   1166.41	   1166.41	         0		         0		      -nan
============================================================================
==================== TIMER SUMMARY =========================================
label               	calls     	total time 	mean time  	Performance Gflops/s	Bandwidth Gbyte/s		 I 
----------------------------------------------
  1. total iteration	      1502	   1146.55	  0.763346	  0.607053		   2.55601		    0.2375
     2. rho = <r, r>	      1502	   39.5748	  0.026348	    1.8513		   7.40518		      0.25
3. p = r + alpha * p	      1501	   41.7258	 0.0277987	   2.63203		   14.0375		    0.1875
       4. q = op * p	      1501	   937.882	  0.624838	  0.234195		   0.31226		      0.75
     5. beta = <p,q>	      1501	   44.0315	 0.0293348	   1.66281		   13.3024		     0.125
6. x = x + alpha * p	      1501	   41.4494	 0.0276145	   2.64958		   14.1311		    0.1875
7. r = r - alpha * q	      1501	   41.8703	 0.0278949	   2.62295		   13.9891		    0.1875
    Before cg_solver	         1	   1147.31	   1147.31	         0		         0		      -nan
    Start of program	         1	   1147.84	   1147.84	         0		         0		      -nan
============================================================================
==================== TIMER SUMMARY =========================================
label               	calls     	total time 	mean time  	Performance Gflops/s	Bandwidth Gbyte/s		 I 
----------------------------------------------
  1. total iteration	      1502	   1140.42	  0.759266	  0.610315		   2.56975		    0.2375
     2. rho = <r, r>	      1502	   39.5437	 0.0263274	   1.85275		   7.41099		      0.25
3. p = r + alpha * p	      1501	   41.3658	 0.0275588	   2.65494		   14.1597		    0.1875
       4. q = op * p	      1501	   931.926	   0.62087	  0.235692		  0.314256		      0.75
     5. beta = <p,q>	      1501	    43.924	 0.0292632	   1.66687		    13.335		     0.125
6. x = x + alpha * p	      1501	   41.3408	 0.0275422	   2.65654		   14.1682		    0.1875
7. r = r - alpha * q	      1501	   42.3045	 0.0281842	   2.59603		   13.8455		    0.1875
    Before cg_solver	         1	   1141.18	   1141.18	         0		         0		      -nan
    Start of program	         1	   1141.71	   1141.71	         0		         0		      -nan
============================================================================
==================== TIMER SUMMARY =========================================
label               	calls     	total time 	mean time  	Performance Gflops/s	Bandwidth Gbyte/s		 I 
----------------------------------------------
  1. total iteration	      1502	   1073.04	  0.714404	   0.64864		   2.73112		    0.2375
     2. rho = <r, r>	      1502	   39.6227	   0.02638	   1.84906		   7.39622		      0.25
3. p = r + alpha * p	      1501	   41.6411	 0.0277422	   2.63739		   14.0661		    0.1875
       4. q = op * p	      1501	   864.051	   0.57565	  0.254206		  0.338942		      0.75
     5. beta = <p,q>	      1501	   44.0232	 0.0293292	   1.66312		    13.305		     0.125
6. x = x + alpha * p	      1501	   41.7363	 0.0278056	   2.63137		    14.034		    0.1875
7. r = r - alpha * q	      1501	   41.9484	  0.027947	   2.61807		    13.963		    0.1875
    Before cg_solver	         1	   1073.76	   1073.76	         0		         0		      -nan
    Start of program	         1	   1074.29	   1074.29	         0		         0		      -nan
============================================================================
