==================== TIMER SUMMARY =========================================
label               	calls     	total time 	mean time  	Performance Gflops/s	Bandwidth Gbyte/s		 I 
----------------------------------------------
  1. total iteration	      1408	    262.97	  0.186768	    2.4811		   10.4467		    0.2375
     2. rho = <r, r>	      1408	   9.93806	0.00705828	   6.91075		    27.643		      0.25
3. p = r + alpha * p	      1407	   18.6173	 0.0132319	   5.52958		   29.4911		    0.1875
       4. q = op * p	      1407	   182.837	  0.129948	    1.1261		   1.50146		      0.75
     5. beta = <p,q>	      1407	   12.6966	0.00902387	   5.40544		   43.2435		     0.125
6. x = x + alpha * p	      1407	   19.1147	 0.0135854	   5.38569		   28.7237		    0.1875
7. r = r - alpha * q	      1407	   19.7554	 0.0140408	   5.21104		   27.7922		    0.1875
    Before cg_solver	         1	   263.153	   263.153	         0		         0		      -nan
    Start of program	         1	   263.305	   263.305	         0		         0		      -nan
============================================================================
==================== TIMER SUMMARY =========================================
label               	calls     	total time 	mean time  	Performance Gflops/s	Bandwidth Gbyte/s		 I 
----------------------------------------------
  1. total iteration	      1405	   738.675	  0.525747	  0.881395		   3.71114		    0.2375
     2. rho = <r, r>	      1405	   9.90662	0.00705097	   6.91791		   27.6716		      0.25
3. p = r + alpha * p	      1404	   18.2446	 0.0129947	   5.63053		   30.0295		    0.1875
       4. q = op * p	      1404	   659.551	  0.469766	  0.311504		  0.415339		      0.75
     5. beta = <p,q>	      1404	    12.559	0.00894518	   5.45299		   43.6239		     0.125
6. x = x + alpha * p	      1404	   18.8939	 0.0134572	   5.43701		   28.9974		    0.1875
7. r = r - alpha * q	      1404	   19.5094	 0.0138956	   5.26549		   28.0826		    0.1875
    Before cg_solver	         1	   739.197	   739.197	         0		         0		      -nan
    Start of program	         1	   739.345	   739.345	         0		         0		      -nan
============================================================================
==================== TIMER SUMMARY =========================================
label               	calls     	total time 	mean time  	Performance Gflops/s	Bandwidth Gbyte/s		 I 
----------------------------------------------
  1. total iteration	      1410	   264.738	  0.187757	   2.46803		   10.3917		    0.2375
     2. rho = <r, r>	      1410	   9.93973	0.00704946	    6.9194		   27.6776		      0.25
3. p = r + alpha * p	      1409	   18.4661	 0.0131058	    5.5828		   29.7749		    0.1875
       4. q = op * p	      1409	   184.475	  0.130926	   1.11768		   1.49025		      0.75
     5. beta = <p,q>	      1409	   12.7929	0.00907939	   5.37239		   42.9791		     0.125
6. x = x + alpha * p	      1409	   19.0959	 0.0135528	   5.39866		   28.7929		    0.1875
7. r = r - alpha * q	      1409	   19.9582	 0.0141648	    5.1654		   27.5488		    0.1875
    Before cg_solver	         1	   264.922	   264.922	         0		         0		      -nan
    Start of program	         1	   265.071	   265.071	         0		         0		      -nan
============================================================================
==================== TIMER SUMMARY =========================================
label               	calls     	total time 	mean time  	Performance Gflops/s	Bandwidth Gbyte/s		 I 
----------------------------------------------
  1. total iteration	      1408	   274.385	  0.194876	   2.37788		   10.0121		    0.2375
     2. rho = <r, r>	      1408	   9.93283	0.00705457	   6.91439		   27.6575		      0.25
3. p = r + alpha * p	      1407	   19.0793	 0.0135603	    5.3957		    28.777		    0.1875
       4. q = op * p	      1407	   194.328	  0.138115	   1.05951		   1.41267		      0.75
     5. beta = <p,q>	      1407	   12.5598	0.00892668	   5.46429		   43.7143		     0.125
6. x = x + alpha * p	      1407	   18.9578	  0.013474	   5.43026		   28.9614		    0.1875
7. r = r - alpha * q	      1407	   19.5184	 0.0138723	   5.27431		   28.1297		    0.1875
    Before cg_solver	         1	   274.577	   274.577	         0		         0		      -nan
    Start of program	         1	   274.726	   274.726	         0		         0		      -nan
============================================================================
==================== TIMER SUMMARY =========================================
label               	calls     	total time 	mean time  	Performance Gflops/s	Bandwidth Gbyte/s		 I 
----------------------------------------------
  1. total iteration	      1407	   330.366	  0.234801	   1.97354		   8.30966		    0.2375
     2. rho = <r, r>	      1407	   9.92999	0.00705756	   6.91145		   27.6458		      0.25
3. p = r + alpha * p	      1406	   18.1364	 0.0128993	   5.67217		   30.2516		    0.1875
       4. q = op * p	      1406	   251.111	    0.1786	  0.819341		   1.09245		      0.75
     5. beta = <p,q>	      1406	   12.6713	0.00901231	   5.41237		    43.299		     0.125
6. x = x + alpha * p	      1406	   19.0301	 0.0135349	   5.40579		   28.8309		    0.1875
7. r = r - alpha * q	      1406	    19.474	 0.0138506	   5.28258		   28.1738		    0.1875
    Before cg_solver	         1	   330.597	   330.597	         0		         0		      -nan
    Start of program	         1	   330.746	   330.746	         0		         0		      -nan
============================================================================
==================== TIMER SUMMARY =========================================
label               	calls     	total time 	mean time  	Performance Gflops/s	Bandwidth Gbyte/s		 I 
----------------------------------------------
  1. total iteration	      1405	   338.378	  0.240838	   1.92407		   8.10137		    0.2375
     2. rho = <r, r>	      1405	   9.92879	0.00706675	   6.90246		   27.6099		      0.25
3. p = r + alpha * p	      1404	   18.5849	 0.0132371	   5.52741		   29.4795		    0.1875
       4. q = op * p	      1404	   258.699	  0.184259	  0.794176		    1.0589		      0.75
     5. beta = <p,q>	      1404	   12.4978	0.00890158	    5.4797		   43.8376		     0.125
6. x = x + alpha * p	      1404	   19.3072	 0.0137516	   5.32062		   28.3766		    0.1875
7. r = r - alpha * q	      1404	   19.3478	 0.0137805	   5.30947		   28.3172		    0.1875
    Before cg_solver	         1	   338.616	   338.616	         0		         0		      -nan
    Start of program	         1	   338.764	   338.764	         0		         0		      -nan
============================================================================
==================== TIMER SUMMARY =========================================
label               	calls     	total time 	mean time  	Performance Gflops/s	Bandwidth Gbyte/s		 I 
----------------------------------------------
  1. total iteration	      1410	   333.278	  0.236367	   1.96047		   8.25461		    0.2375
     2. rho = <r, r>	      1410	   9.94851	0.00705568	   6.91329		   27.6532		      0.25
3. p = r + alpha * p	      1409	    18.896	  0.013411	   5.45576		   29.0974		    0.1875
       4. q = op * p	      1409	   252.678	  0.179332	  0.815997		     1.088		      0.75
     5. beta = <p,q>	      1409	    12.721	0.00902835	   5.40276		   43.2221		     0.125
6. x = x + alpha * p	      1409	   19.3482	 0.0137318	   5.32827		   28.4174		    0.1875
7. r = r - alpha * q	      1409	    19.673	 0.0139624	    5.2403		   27.9483		    0.1875
    Before cg_solver	         1	   333.514	   333.514	         0		         0		      -nan
    Start of program	         1	   333.662	   333.662	         0		         0		      -nan
============================================================================
==================== TIMER SUMMARY =========================================
label               	calls     	total time 	mean time  	Performance Gflops/s	Bandwidth Gbyte/s		 I 
----------------------------------------------
  1. total iteration	      1408	   327.234	   0.23241	   1.99385		   8.39515		    0.2375
     2. rho = <r, r>	      1408	   9.95509	0.00707037	   6.89893		   27.5957		      0.25
3. p = r + alpha * p	      1407	   18.5988	 0.0132188	   5.53509		   29.5205		    0.1875
       4. q = op * p	      1407	   247.208	  0.175699	  0.832869		   1.11049		      0.75
     5. beta = <p,q>	      1407	   12.8007	0.00909786	   5.36148		   42.8919		     0.125
6. x = x + alpha * p	      1407	   19.1034	 0.0135774	   5.38887		   28.7407		    0.1875
7. r = r - alpha * q	      1407	    19.555	 0.0138983	   5.26444		    28.077		    0.1875
    Before cg_solver	         1	   327.466	   327.466	         0		         0		      -nan
    Start of program	         1	   327.614	   327.614	         0		         0		      -nan
============================================================================
==================== TIMER SUMMARY =========================================
label               	calls     	total time 	mean time  	Performance Gflops/s	Bandwidth Gbyte/s		 I 
----------------------------------------------
  1. total iteration	      1408	   301.192	  0.213915	   2.16624		   9.12101		    0.2375
     2. rho = <r, r>	      1408	   9.95185	0.00706808	   6.90117		   27.6047		      0.25
3. p = r + alpha * p	      1407	   18.2955	 0.0130032	   5.62684		   30.0098		    0.1875
       4. q = op * p	      1407	   221.655	  0.157537	  0.928886		   1.23851		      0.75
     5. beta = <p,q>	      1407	   12.4951	0.00888064	   5.49262		    43.941		     0.125
6. x = x + alpha * p	      1407	   19.1211	   0.01359	    5.3839		   28.7142		    0.1875
7. r = r - alpha * q	      1407	   19.6637	 0.0139756	   5.23532		   27.9217		    0.1875
    Before cg_solver	         1	   301.403	   301.403	         0		         0		      -nan
    Start of program	         1	   301.551	   301.551	         0		         0		      -nan
============================================================================
