==================== TIMER SUMMARY =========================================
label               	calls     	total time 	mean time  	Performance Gflops/s	Bandwidth Gbyte/s		 I 
----------------------------------------------
  1. total iteration	      3262	   1767.83	  0.541948	   7.57268		    31.885		    0.2375
     2. rho = <r, r>	      3262	   57.2954	 0.0175645	    24.595		   98.3802		      0.25
3. p = r + alpha * p	      3261	   214.991	 0.0659278	   9.82893		   52.4209		    0.1875
       4. q = op * p	      3261	   956.764	  0.293396	   4.41724		   5.88965		      0.75
     5. beta = <p,q>	      3261	   105.133	 0.0322395	   13.3997		   107.198		     0.125
6. x = x + alpha * p	      3261	   215.171	 0.0659832	   9.82068		    52.377		    0.1875
7. r = r - alpha * q	      3261	   218.451	 0.0669888	   9.67326		   51.5907		    0.1875
    Before cg_solver	         1	   1768.36	   1768.36	         0		         0		      -nan
    Start of program	         1	   1768.76	   1768.76	         0		         0		      -nan
============================================================================
==================== TIMER SUMMARY =========================================
label               	calls     	total time 	mean time  	Performance Gflops/s	Bandwidth Gbyte/s		 I 
----------------------------------------------
  1. total iteration	      3262	   14603.1	   4.47673	   0.91674		   3.85996		    0.2375
     2. rho = <r, r>	      3262	   57.2335	 0.0175455	   24.6217		   98.4867		      0.25
3. p = r + alpha * p	      3261	   286.403	 0.0878267	   7.37817		   39.3502		    0.1875
       4. q = op * p	      3261	   13633.9	   4.18089	  0.309982		  0.413309		      0.75
     5. beta = <p,q>	      3261	   147.425	 0.0452086	    9.5557		   76.4456		     0.125
6. x = x + alpha * p	      3261	   238.195	 0.0730437	    8.8714		   47.3142		    0.1875
7. r = r - alpha * q	      3261	    239.92	 0.0735725	   8.80764		   46.9741		    0.1875
    Before cg_solver	         1	   14607.7	   14607.7	         0		         0		      -nan
    Start of program	         1	   14608.1	   14608.1	         0		         0		      -nan
============================================================================
==================== TIMER SUMMARY =========================================
label               	calls     	total time 	mean time  	Performance Gflops/s	Bandwidth Gbyte/s		 I 
----------------------------------------------
  1. total iteration	      3262	   1826.99	  0.560082	    7.3275		   30.8526		    0.2375
     2. rho = <r, r>	      3262	   56.9755	 0.0174664	   24.7331		   98.9326		      0.25
3. p = r + alpha * p	      3261	   225.888	 0.0692695	   9.35477		   49.8921		    0.1875
       4. q = op * p	      3261	    998.47	  0.306185	   4.23273		   5.64364		      0.75
     5. beta = <p,q>	      3261	   108.055	 0.0331355	   13.0374		   104.299		     0.125
6. x = x + alpha * p	      3261	   220.418	  0.067592	   9.58693		   51.1303		    0.1875
7. r = r - alpha * q	      3261	   217.149	 0.0665897	   9.73124		   51.8999		    0.1875
    Before cg_solver	         1	   1827.52	   1827.52	         0		         0		      -nan
    Start of program	         1	   1827.91	   1827.91	         0		         0		      -nan
============================================================================
==================== TIMER SUMMARY =========================================
label               	calls     	total time 	mean time  	Performance Gflops/s	Bandwidth Gbyte/s		 I 
----------------------------------------------
  1. total iteration	      3262	   2618.05	  0.802592	   5.11344		   21.5303		    0.2375
     2. rho = <r, r>	      3262	   57.3386	 0.0175777	   24.5765		   98.3062		      0.25
3. p = r + alpha * p	      3261	   206.592	 0.0633524	   10.2285		    54.552		    0.1875
       4. q = op * p	      3261	   1829.36	  0.560982	   2.31024		   3.08031		      0.75
     5. beta = <p,q>	      3261	   100.032	 0.0306751	   14.0831		   112.665		     0.125
6. x = x + alpha * p	      3261	   210.633	 0.0645915	   10.0323		   53.5055		    0.1875
7. r = r - alpha * q	      3261	   214.066	 0.0656442	   9.87139		   52.6474		    0.1875
    Before cg_solver	         1	   2618.85	   2618.85	         0		         0		      -nan
    Start of program	         1	   2619.23	   2619.23	         0		         0		      -nan
============================================================================
==================== TIMER SUMMARY =========================================
label               	calls     	total time 	mean time  	Performance Gflops/s	Bandwidth Gbyte/s		 I 
----------------------------------------------
  1. total iteration	      3262	    2672.2	   0.81919	   5.00982		    21.094		    0.2375
     2. rho = <r, r>	      3262	    57.065	 0.0174939	   24.6944		   98.7775		      0.25
3. p = r + alpha * p	      3261	   215.481	 0.0660781	   9.80657		   52.3017		    0.1875
       4. q = op * p	      3261	   1855.29	  0.568932	   2.27795		   3.03727		      0.75
     5. beta = <p,q>	      3261	   107.462	 0.0329537	   13.1093		   104.874		     0.125
6. x = x + alpha * p	      3261	   215.528	 0.0660926	   9.80442		   52.2903		    0.1875
7. r = r - alpha * q	      3261	   221.342	 0.0678756	   9.54688		   50.9167		    0.1875
    Before cg_solver	         1	      2673	      2673	         0		         0		      -nan
    Start of program	         1	   2673.39	   2673.39	         0		         0		      -nan
============================================================================
==================== TIMER SUMMARY =========================================
label               	calls     	total time 	mean time  	Performance Gflops/s	Bandwidth Gbyte/s		 I 
----------------------------------------------
  1. total iteration	      3262	   2207.78	  0.676818	   6.06367		   25.5312		    0.2375
     2. rho = <r, r>	      3262	   57.0928	 0.0175024	   24.6823		   98.7294		      0.25
3. p = r + alpha * p	      3261	   212.338	 0.0651144	   9.95172		   53.0758		    0.1875
       4. q = op * p	      3261	   1400.19	  0.429374	   3.01835		   4.02446		      0.75
     5. beta = <p,q>	      3261	   105.931	 0.0324842	   13.2988		    106.39		     0.125
6. x = x + alpha * p	      3261	   213.616	 0.0655062	   9.89219		   52.7583		    0.1875
7. r = r - alpha * q	      3261	   218.581	 0.0670289	   9.66747		   51.5598		    0.1875
    Before cg_solver	         1	   2208.44	   2208.44	         0		         0		      -nan
    Start of program	         1	   2208.83	   2208.83	         0		         0		      -nan
============================================================================
==================== TIMER SUMMARY =========================================
label               	calls     	total time 	mean time  	Performance Gflops/s	Bandwidth Gbyte/s		 I 
----------------------------------------------
  1. total iteration	      3262	   2229.85	  0.683583	   6.00366		   25.2786		    0.2375
     2. rho = <r, r>	      3262	   57.2838	  0.017561	      24.6		   98.4001		      0.25
3. p = r + alpha * p	      3261	   222.502	 0.0682313	    9.4971		   50.6512		    0.1875
       4. q = op * p	      3261	   1400.46	  0.429457	   3.01776		   4.02368		      0.75
     5. beta = <p,q>	      3261	   110.827	 0.0339856	   12.7113		    101.69		     0.125
6. x = x + alpha * p	      3261	   217.168	 0.0665956	   9.73038		   51.8954		    0.1875
7. r = r - alpha * q	      3261	   221.569	  0.067945	   9.53712		   50.8647		    0.1875
    Before cg_solver	         1	    2230.5	    2230.5	         0		         0		      -nan
    Start of program	         1	   2230.89	   2230.89	         0		         0		      -nan
============================================================================
==================== TIMER SUMMARY =========================================
label               	calls     	total time 	mean time  	Performance Gflops/s	Bandwidth Gbyte/s		 I 
----------------------------------------------
  1. total iteration	      3262	   2185.02	  0.669841	   6.12683		   25.7972		    0.2375
     2. rho = <r, r>	      3262	   57.2876	 0.0175621	   24.5984		   98.3936		      0.25
3. p = r + alpha * p	      3261	   213.893	 0.0655912	   9.87937		     52.69		    0.1875
       4. q = op * p	      3261	   1378.42	  0.422699	   3.06601		   4.08801		      0.75
     5. beta = <p,q>	      3261	   104.367	 0.0320048	    13.498		   107.984		     0.125
6. x = x + alpha * p	      3261	   214.242	 0.0656982	   9.86328		   52.6042		    0.1875
7. r = r - alpha * q	      3261	   216.777	 0.0664755	   9.74795		   51.9891		    0.1875
    Before cg_solver	         1	   2185.68	   2185.68	         0		         0		      -nan
    Start of program	         1	   2186.07	   2186.07	         0		         0		      -nan
============================================================================
==================== TIMER SUMMARY =========================================
label               	calls     	total time 	mean time  	Performance Gflops/s	Bandwidth Gbyte/s		 I 
----------------------------------------------
  1. total iteration	      3262	   2230.02	  0.683635	    6.0032		   25.2766		    0.2375
     2. rho = <r, r>	      3262	   57.0006	 0.0174741	   24.7223		   98.8891		      0.25
3. p = r + alpha * p	      3261	   209.981	 0.0643916	   10.0634		   53.6716		    0.1875
       4. q = op * p	      3261	   1428.87	   0.43817	   2.95775		   3.94367		      0.75
     5. beta = <p,q>	      3261	   104.382	 0.0320093	   13.4961		   107.969		     0.125
6. x = x + alpha * p	      3261	   212.212	 0.0650758	   9.95762		   53.1073		    0.1875
7. r = r - alpha * q	      3261	   217.537	 0.0667088	   9.71386		   51.8072		    0.1875
    Before cg_solver	         1	   2230.69	   2230.69	         0		         0		      -nan
    Start of program	         1	   2231.07	   2231.07	         0		         0		      -nan
============================================================================
