==================== TIMER SUMMARY =========================================
label               	calls     	total time 	mean time  	Performance Gflops/s	Bandwidth Gbyte/s		 I 
----------------------------------------------
  1. total iteration	      3263	   2038.75	  0.624809	   6.56841		   27.6564		    0.2375
     2. rho = <r, r>	      3263	    70.204	 0.0215152	   20.0789		   80.3155		      0.25
3. p = r + alpha * p	      3262	   196.339	 0.0601898	   10.7659		   57.4184		    0.1875
       4. q = op * p	      3262	   1270.08	  0.389357	   3.32857		   4.43809		      0.75
     5. beta = <p,q>	      3262	   105.877	 0.0324578	   13.3096		   106.477		     0.125
6. x = x + alpha * p	      3262	   196.572	 0.0602611	   10.7532		   57.3504		    0.1875
7. r = r - alpha * q	      3262	   199.651	 0.0612051	   10.5874		   56.4659		    0.1875
    Before cg_solver	         1	   2039.36	   2039.36	         0		         0		      -nan
    Start of program	         1	   2039.85	   2039.85	         0		         0		      -nan
============================================================================
==================== TIMER SUMMARY =========================================
label               	calls     	total time 	mean time  	Performance Gflops/s	Bandwidth Gbyte/s		 I 
----------------------------------------------
  1. total iteration	      3262	   1764.03	  0.540781	   7.58903		   31.9538		    0.2375
     2. rho = <r, r>	      3262	   56.8569	 0.0174301	   24.7848		    99.139		      0.25
3. p = r + alpha * p	      3261	   215.305	 0.0660243	   9.81458		   52.3444		    0.1875
       4. q = op * p	      3261	   956.528	  0.293324	   4.41833		    5.8911		      0.75
     5. beta = <p,q>	      3261	   102.528	 0.0314406	   13.7402		   109.922		     0.125
6. x = x + alpha * p	      3261	   214.805	  0.065871	    9.8374		   52.4661		    0.1875
7. r = r - alpha * q	      3261	   217.976	 0.0668432	   9.69433		   51.7031		    0.1875
    Before cg_solver	         1	   1764.55	   1764.55	         0		         0		      -nan
    Start of program	         1	   1764.97	   1764.97	         0		         0		      -nan
============================================================================
==================== TIMER SUMMARY =========================================
label               	calls     	total time 	mean time  	Performance Gflops/s	Bandwidth Gbyte/s		 I 
----------------------------------------------
  1. total iteration	      2999	   664.347	  0.221523	   18.5263		   78.0055		    0.2375
     2. rho = <r, r>	      2999	    22.882	0.00762989	   56.6194		   226.478		      0.25
3. p = r + alpha * p	      2998	   90.7246	 0.0302617	   21.4132		   114.204		    0.1875
       4. q = op * p	      2998	   328.381	  0.109533	    11.832		    15.776		      0.75
     5. beta = <p,q>	      2998	   44.6179	 0.0148825	   29.0273		   232.218		     0.125
6. x = x + alpha * p	      2998	   88.9745	 0.0296779	   21.8344		    116.45		    0.1875
7. r = r - alpha * q	      2998	   88.7323	 0.0295972	    21.894		   116.768		    0.1875
    Before cg_solver	         1	   664.584	   664.584	         0		         0		      -nan
    Start of program	         1	   664.754	   664.754	         0		         0		      -nan
============================================================================
==================== TIMER SUMMARY =========================================
label               	calls     	total time 	mean time  	Performance Gflops/s	Bandwidth Gbyte/s		 I 
----------------------------------------------
  1. total iteration	      3263	   2088.36	  0.640014	   6.41236		   26.9994		    0.2375
     2. rho = <r, r>	      3263	   70.1038	 0.0214844	   20.1076		   80.4303		      0.25
3. p = r + alpha * p	      3262	    201.03	 0.0616277	   10.5147		   56.0786		    0.1875
       4. q = op * p	      3262	   1310.65	  0.401793	   3.22554		   4.30072		      0.75
     5. beta = <p,q>	      3262	   108.427	 0.0332396	   12.9966		   103.972		     0.125
6. x = x + alpha * p	      3262	   198.365	 0.0608107	    10.656		   56.8321		    0.1875
7. r = r - alpha * q	      3262	   199.757	 0.0612374	   10.5818		   56.4361		    0.1875
    Before cg_solver	         1	   2088.98	   2088.98	         0		         0		      -nan
    Start of program	         1	   2089.44	   2089.44	         0		         0		      -nan
============================================================================
==================== TIMER SUMMARY =========================================
label               	calls     	total time 	mean time  	Performance Gflops/s	Bandwidth Gbyte/s		 I 
----------------------------------------------
  1. total iteration	      3262	   1813.32	  0.555892	   7.38273		   31.0852		    0.2375
     2. rho = <r, r>	      3262	   56.7327	  0.017392	    24.839		    99.356		      0.25
3. p = r + alpha * p	      3261	   216.999	 0.0665437	   9.73795		   51.9358		    0.1875
       4. q = op * p	      3261	   999.918	  0.306629	    4.2266		   5.63547		      0.75
     5. beta = <p,q>	      3261	   104.216	 0.0319581	   13.5177		   108.141		     0.125
6. x = x + alpha * p	      3261	   215.512	 0.0660876	   9.80517		   52.2942		    0.1875
7. r = r - alpha * q	      3261	   219.911	 0.0674366	   9.60902		   51.2481		    0.1875
    Before cg_solver	         1	   1813.86	   1813.86	         0		         0		      -nan
    Start of program	         1	   1814.25	   1814.25	         0		         0		      -nan
============================================================================
==================== TIMER SUMMARY =========================================
label               	calls     	total time 	mean time  	Performance Gflops/s	Bandwidth Gbyte/s		 I 
----------------------------------------------
  1. total iteration	      2998	   848.717	  0.283094	   14.4969		   61.0397		    0.2375
     2. rho = <r, r>	      2998	   23.2692	0.00776157	   55.6588		   222.635		      0.25
3. p = r + alpha * p	      2997	   119.721	 0.0399469	   16.2215		   86.5149		    0.1875
       4. q = op * p	      2997	    432.66	  0.144364	   8.97728		   11.9697		      0.75
     5. beta = <p,q>	      2997	   77.4686	 0.0258487	   16.7126		   133.701		     0.125
6. x = x + alpha * p	      2997	   93.3838	 0.0311591	   20.7965		   110.915		    0.1875
7. r = r - alpha * q	      2997	   102.174	 0.0340922	   19.0073		   101.372		    0.1875
    Before cg_solver	         1	    848.99	    848.99	         0		         0		      -nan
    Start of program	         1	   849.152	   849.152	         0		         0		      -nan
============================================================================
