Running without Marker API. Activate Marker API with -m on commandline.
Allocate: Process running on hwthread 0 (Domain M0) - Vector length 125000000/1000000000 Offset 0 Alignment 512
Allocate: Process running on hwthread 0 (Domain M0) - Vector length 125000000/1000000000 Offset 0 Alignment 512
--------------------------------------------------------------------------------
LIKWID MICRO BENCHMARK
Test: daxpy_mem_avx512_fma
--------------------------------------------------------------------------------
Using 1 work groups
Using 1 threads
--------------------------------------------------------------------------------
--------------------------------------------------------------------------------
Group: 0 Thread 0 Global Thread 0 running on hwthread 0 - Vector length 125000000 Offset 0
--------------------------------------------------------------------------------
Cycles:			4874476616
CPU Clock:		2992996834
Cycle Clock:		2992996834
Time:			1.628627e+00 sec
Iterations:		10
Iterations per thread:	10
Inner loop executions:	3906250
Size (Byte):		2000000000
Size per thread:	2000000000
Number of Flops:	2500000000
MFlops/s:		1535.03
Data volume (Byte):	30000000000
MByte/s:		18420.42
Cycles per update:	3.899581
Cycles per cacheline:	31.196650
Loads per update:	2
Stores per update:	1
Load bytes per element:	16
Store bytes per elem.:	8
Load/store ratio:	2.00
Instructions:		585937517
UOPs:			859375000
--------------------------------------------------------------------------------
Running without Marker API. Activate Marker API with -m on commandline.
Allocate: Process running on hwthread 0 (Domain M0) - Vector length 125000000/1000000000 Offset 0 Alignment 512
Allocate: Process running on hwthread 0 (Domain M0) - Vector length 125000000/1000000000 Offset 0 Alignment 512
Initialization: First thread in domain initializes the whole stream
--------------------------------------------------------------------------------
LIKWID MICRO BENCHMARK
Test: daxpy_mem_avx512_fma
--------------------------------------------------------------------------------
Using 1 work groups
Using 2 threads
--------------------------------------------------------------------------------
--------------------------------------------------------------------------------
Group: 0 Thread 0 Global Thread 0 running on hwthread 0 - Vector length 62500000 Offset 0
Group: 0 Thread 1 Global Thread 1 running on hwthread 1 - Vector length 62500000 Offset 62500000
--------------------------------------------------------------------------------
Cycles:			4430290910
CPU Clock:		2993002457
Cycle Clock:		2993002457
Time:			1.480216e+00 sec
Iterations:		32
Iterations per thread:	16
Inner loop executions:	1953125
Size (Byte):		2000000000
Size per thread:	1000000000
Number of Flops:	4000000000
MFlops/s:		2702.31
Data volume (Byte):	48000000000
MByte/s:		32427.69
Cycles per update:	2.215145
Cycles per cacheline:	17.721164
Loads per update:	2
Stores per update:	1
Load bytes per element:	16
Store bytes per elem.:	8
Load/store ratio:	2.00
Instructions:		937500017
UOPs:			1375000000
--------------------------------------------------------------------------------
Running without Marker API. Activate Marker API with -m on commandline.
Warning: Sanitizing vector length to a multiple of the loop stride 32 and thread count 4 from 125000000 elements (1000000000 bytes) to 124999936 elements (999999488 bytes)
Allocate: Process running on hwthread 0 (Domain M0) - Vector length 124999936/999999488 Offset 0 Alignment 512
Allocate: Process running on hwthread 0 (Domain M0) - Vector length 124999936/999999488 Offset 0 Alignment 512
Initialization: First thread in domain initializes the whole stream
--------------------------------------------------------------------------------
LIKWID MICRO BENCHMARK
Test: daxpy_mem_avx512_fma
--------------------------------------------------------------------------------
Using 1 work groups
Using 4 threads
--------------------------------------------------------------------------------
--------------------------------------------------------------------------------
Group: 0 Thread 0 Global Thread 0 running on hwthread 0 - Vector length 31249984 Offset 0
Group: 0 Thread 1 Global Thread 1 running on hwthread 1 - Vector length 31249984 Offset 31249984
Group: 0 Thread 2 Global Thread 2 running on hwthread 2 - Vector length 31249984 Offset 62499968
Group: 0 Thread 3 Global Thread 3 running on hwthread 3 - Vector length 31249984 Offset 93749952
--------------------------------------------------------------------------------
Cycles:			6281901530
CPU Clock:		2992989220
Cycle Clock:		2992989220
Time:			2.098872e+00 sec
Iterations:		128
Iterations per thread:	32
Inner loop executions:	976562
Size (Byte):		1999998976
Size per thread:	499999744
Number of Flops:	7999995904
MFlops/s:		3811.57
Data volume (Byte):	95999950848
MByte/s:		45738.83
Cycles per update:	1.570476
Cycles per cacheline:	12.563809
Loads per update:	2
Stores per update:	1
Load bytes per element:	16
Store bytes per elem.:	8
Load/store ratio:	2.00
Instructions:		1874999057
UOPs:			2749998592
--------------------------------------------------------------------------------
Running without Marker API. Activate Marker API with -m on commandline.
Warning: Sanitizing vector length to a multiple of the loop stride 32 and thread count 6 from 125000000 elements (1000000000 bytes) to 124999872 elements (999998976 bytes)
Allocate: Process running on hwthread 0 (Domain M0) - Vector length 124999872/999998976 Offset 0 Alignment 512
Allocate: Process running on hwthread 0 (Domain M0) - Vector length 124999872/999998976 Offset 0 Alignment 512
Initialization: First thread in domain initializes the whole stream
--------------------------------------------------------------------------------
LIKWID MICRO BENCHMARK
Test: daxpy_mem_avx512_fma
--------------------------------------------------------------------------------
Using 1 work groups
Using 6 threads
--------------------------------------------------------------------------------
--------------------------------------------------------------------------------
Group: 0 Thread 0 Global Thread 0 running on hwthread 0 - Vector length 20833312 Offset 0
Group: 0 Thread 1 Global Thread 1 running on hwthread 1 - Vector length 20833312 Offset 20833312
Group: 0 Thread 2 Global Thread 2 running on hwthread 2 - Vector length 20833312 Offset 41666624
Group: 0 Thread 3 Global Thread 3 running on hwthread 3 - Vector length 20833312 Offset 62499936
Group: 0 Thread 4 Global Thread 4 running on hwthread 7 - Vector length 20833312 Offset 83333248
Group: 0 Thread 5 Global Thread 5 running on hwthread 8 - Vector length 20833312 Offset 104166560
--------------------------------------------------------------------------------
Cycles:			11140272620
CPU Clock:		2992999182
Cycle Clock:		2992999182
Time:			3.722110e+00 sec
Iterations:		384
Iterations per thread:	64
Inner loop executions:	651041
Size (Byte):		1999997952
Size per thread:	333332992
Number of Flops:	15999983616
MFlops/s:		4298.63
Data volume (Byte):	191999803392
MByte/s:		51583.59
Cycles per update:	1.392536
Cycles per cacheline:	11.140284
Loads per update:	2
Stores per update:	1
Load bytes per element:	16
Store bytes per elem.:	8
Load/store ratio:	2.00
Instructions:		3749996177
UOPs:			5499994368
--------------------------------------------------------------------------------
Running without Marker API. Activate Marker API with -m on commandline.
Warning: Sanitizing vector length to a multiple of the loop stride 32 and thread count 8 from 125000000 elements (1000000000 bytes) to 124999936 elements (999999488 bytes)
Allocate: Process running on hwthread 0 (Domain M0) - Vector length 124999936/999999488 Offset 0 Alignment 512
Allocate: Process running on hwthread 0 (Domain M0) - Vector length 124999936/999999488 Offset 0 Alignment 512
Initialization: First thread in domain initializes the whole stream
--------------------------------------------------------------------------------
LIKWID MICRO BENCHMARK
Test: daxpy_mem_avx512_fma
--------------------------------------------------------------------------------
Using 1 work groups
Using 8 threads
--------------------------------------------------------------------------------
--------------------------------------------------------------------------------
Group: 0 Thread 1 Global Thread 1 running on hwthread 1 - Vector length 15624992 Offset 15624992
Group: 0 Thread 3 Global Thread 3 running on hwthread 3 - Vector length 15624992 Offset 46874976
Group: 0 Thread 2 Global Thread 2 running on hwthread 2 - Vector length 15624992 Offset 31249984
Group: 0 Thread 4 Global Thread 4 running on hwthread 7 - Vector length 15624992 Offset 62499968
Group: 0 Thread 0 Global Thread 0 running on hwthread 0 - Vector length 15624992 Offset 0
Group: 0 Thread 5 Global Thread 5 running on hwthread 8 - Vector length 15624992 Offset 78124960
Group: 0 Thread 7 Global Thread 7 running on hwthread 13 - Vector length 15624992 Offset 109374944
Group: 0 Thread 6 Global Thread 6 running on hwthread 12 - Vector length 15624992 Offset 93749952
--------------------------------------------------------------------------------
Cycles:			10745207938
CPU Clock:		2993001133
Cycle Clock:		2993001133
Time:			3.590112e+00 sec
Iterations:		512
Iterations per thread:	64
Inner loop executions:	488281
Size (Byte):		1999998976
Size per thread:	249999872
Number of Flops:	15999991808
MFlops/s:		4456.68
Data volume (Byte):	191999901696
MByte/s:		53480.21
Cycles per update:	1.343152
Cycles per cacheline:	10.745213
Loads per update:	2
Stores per update:	1
Load bytes per element:	16
Store bytes per elem.:	8
Load/store ratio:	2.00
Instructions:		3749998097
UOPs:			5499997184
--------------------------------------------------------------------------------
Running without Marker API. Activate Marker API with -m on commandline.
Allocate: Process running on hwthread 0 (Domain M0) - Vector length 125000000/1000000000 Offset 0 Alignment 512
Allocate: Process running on hwthread 0 (Domain M0) - Vector length 125000000/1000000000 Offset 0 Alignment 512
Initialization: First thread in domain initializes the whole stream
--------------------------------------------------------------------------------
LIKWID MICRO BENCHMARK
Test: daxpy_mem_avx512_fma
--------------------------------------------------------------------------------
Using 1 work groups
Using 10 threads
--------------------------------------------------------------------------------
--------------------------------------------------------------------------------
Group: 0 Thread 1 Global Thread 1 running on hwthread 1 - Vector length 12500000 Offset 12500000
Group: 0 Thread 3 Global Thread 3 running on hwthread 3 - Vector length 12500000 Offset 37500000
Group: 0 Thread 2 Global Thread 2 running on hwthread 2 - Vector length 12500000 Offset 25000000
Group: 0 Thread 0 Global Thread 0 running on hwthread 0 - Vector length 12500000 Offset 0
Group: 0 Thread 7 Global Thread 7 running on hwthread 13 - Vector length 12500000 Offset 87500000
Group: 0 Thread 6 Global Thread 6 running on hwthread 12 - Vector length 12500000 Offset 75000000
Group: 0 Thread 4 Global Thread 4 running on hwthread 7 - Vector length 12500000 Offset 50000000
Group: 0 Thread 5 Global Thread 5 running on hwthread 8 - Vector length 12500000 Offset 62500000
Group: 0 Thread 8 Global Thread 8 running on hwthread 14 - Vector length 12500000 Offset 100000000
Group: 0 Thread 9 Global Thread 9 running on hwthread 18 - Vector length 12500000 Offset 112500000
--------------------------------------------------------------------------------
Cycles:			10688075096
CPU Clock:		2993003891
Cycle Clock:		2993003891
Time:			3.571019e+00 sec
Iterations:		640
Iterations per thread:	64
Inner loop executions:	390625
Size (Byte):		2000000000
Size per thread:	200000000
Number of Flops:	16000000000
MFlops/s:		4480.51
Data volume (Byte):	192000000000
MByte/s:		53766.16
Cycles per update:	1.336009
Cycles per cacheline:	10.688075
Loads per update:	2
Stores per update:	1
Load bytes per element:	16
Store bytes per elem.:	8
Load/store ratio:	2.00
Instructions:		3750000017
UOPs:			5500000000
--------------------------------------------------------------------------------
Running without Marker API. Activate Marker API with -m on commandline.
Warning: Sanitizing vector length to a multiple of the loop stride 32 and thread count 12 from 125000000 elements (1000000000 bytes) to 124999680 elements (999997440 bytes)
Allocate: Process running on hwthread 0 (Domain M0) - Vector length 124999680/999997440 Offset 0 Alignment 512
Allocate: Process running on hwthread 0 (Domain M0) - Vector length 124999680/999997440 Offset 0 Alignment 512
Initialization: First thread in domain initializes the whole stream
--------------------------------------------------------------------------------
LIKWID MICRO BENCHMARK
Test: daxpy_mem_avx512_fma
--------------------------------------------------------------------------------
Using 1 work groups
Using 12 threads
--------------------------------------------------------------------------------
--------------------------------------------------------------------------------
Group: 0 Thread 1 Global Thread 1 running on hwthread 1 - Vector length 10416640 Offset 10416640
Group: 0 Thread 3 Global Thread 3 running on hwthread 3 - Vector length 10416640 Offset 31249920
Group: 0 Thread 2 Global Thread 2 running on hwthread 2 - Vector length 10416640 Offset 20833280
Group: 0 Thread 4 Global Thread 4 running on hwthread 7 - Vector length 10416640 Offset 41666560
Group: 0 Thread 5 Global Thread 5 running on hwthread 8 - Vector length 10416640 Offset 52083200
Group: 0 Thread 0 Global Thread 0 running on hwthread 0 - Vector length 10416640 Offset 0
Group: 0 Thread 8 Global Thread 8 running on hwthread 14 - Vector length 10416640 Offset 83333120
Group: 0 Thread 6 Global Thread 6 running on hwthread 12 - Vector length 10416640 Offset 62499840
Group: 0 Thread 7 Global Thread 7 running on hwthread 13 - Vector length 10416640 Offset 72916480
Group: 0 Thread 9 Global Thread 9 running on hwthread 18 - Vector length 10416640 Offset 93749760
Group: 0 Thread 10 Global Thread 10 running on hwthread 19 - Vector length 10416640 Offset 104166400
Group: 0 Thread 11 Global Thread 11 running on hwthread 20 - Vector length 10416640 Offset 114583040
--------------------------------------------------------------------------------
Cycles:			21710700844
CPU Clock:		2992995803
Cycle Clock:		2992995803
Time:			7.253836e+00 sec
Iterations:		1536
Iterations per thread:	128
Inner loop executions:	325520
Size (Byte):		1999994880
Size per thread:	166666240
Number of Flops:	31999918080
MFlops/s:		4411.45
Data volume (Byte):	383999016960
MByte/s:		52937.37
Cycles per update:	1.356922
Cycles per cacheline:	10.855378
Loads per update:	2
Stores per update:	1
Load bytes per element:	16
Store bytes per elem.:	8
Load/store ratio:	2.00
Instructions:		7499980817
UOPs:			10999971840
--------------------------------------------------------------------------------
