--------------------------------------------------------------------------------
CPU name:	Intel(R) Xeon(R) Gold 6248R CPU @ 3.00GHz
CPU type:	Intel Cascadelake SP processor
CPU stepping:	7
********************************************************************************
Hardware Thread Topology
********************************************************************************
Sockets:		2
Cores per socket:	24
Threads per core:	1
--------------------------------------------------------------------------------
HWThread        Thread        Core        Die        Socket        Available
0               0             0           0          0             *                
1               0             1           0          0             *                
2               0             2           0          0             *                
3               0             3           0          0             *                
4               0             12          0          0             *                
5               0             13          0          0             *                
6               0             14          0          0             *                
7               0             4           0          0             *                
8               0             5           0          0             *                
9               0             6           0          0             *                
10              0             15          0          0             *                
11              0             16          0          0             *                
12              0             17          0          0             *                
13              0             7           0          0             *                
14              0             8           0          0             *                
15              0             9           0          0             *                
16              0             18          0          0             *                
17              0             19          0          0             *                
18              0             20          0          0             *                
19              0             10          0          0             *                
20              0             11          0          0             *                
21              0             21          0          0             *                
22              0             22          0          0             *                
23              0             23          0          0             *                
24              0             24          0          1             *                
25              0             25          0          1             *                
26              0             26          0          1             *                
27              0             27          0          1             *                
28              0             36          0          1             *                
29              0             37          0          1             *                
30              0             38          0          1             *                
31              0             28          0          1             *                
32              0             29          0          1             *                
33              0             30          0          1             *                
34              0             39          0          1             *                
35              0             40          0          1             *                
36              0             41          0          1             *                
37              0             31          0          1             *                
38              0             32          0          1             *                
39              0             33          0          1             *                
40              0             42          0          1             *                
41              0             43          0          1             *                
42              0             44          0          1             *                
43              0             34          0          1             *                
44              0             35          0          1             *                
45              0             45          0          1             *                
46              0             46          0          1             *                
47              0             47          0          1             *                
--------------------------------------------------------------------------------
Socket 0:		( 0 1 2 3 7 8 9 13 14 15 19 20 4 5 6 10 11 12 16 17 18 21 22 23 )
Socket 1:		( 24 25 26 27 31 32 33 37 38 39 43 44 28 29 30 34 35 36 40 41 42 45 46 47 )
--------------------------------------------------------------------------------
********************************************************************************
Cache Topology
********************************************************************************
Level:			1
Size:			32 kB
Cache groups:		( 0 ) ( 1 ) ( 2 ) ( 3 ) ( 7 ) ( 8 ) ( 9 ) ( 13 ) ( 14 ) ( 15 ) ( 19 ) ( 20 ) ( 4 ) ( 5 ) ( 6 ) ( 10 ) ( 11 ) ( 12 ) ( 16 ) ( 17 ) ( 18 ) ( 21 ) ( 22 ) ( 23 ) ( 24 ) ( 25 ) ( 26 ) ( 27 ) ( 31 ) ( 32 ) ( 33 ) ( 37 ) ( 38 ) ( 39 ) ( 43 ) ( 44 ) ( 28 ) ( 29 ) ( 30 ) ( 34 ) ( 35 ) ( 36 ) ( 40 ) ( 41 ) ( 42 ) ( 45 ) ( 46 ) ( 47 )
--------------------------------------------------------------------------------
Level:			2
Size:			1 MB
Cache groups:		( 0 ) ( 1 ) ( 2 ) ( 3 ) ( 7 ) ( 8 ) ( 9 ) ( 13 ) ( 14 ) ( 15 ) ( 19 ) ( 20 ) ( 4 ) ( 5 ) ( 6 ) ( 10 ) ( 11 ) ( 12 ) ( 16 ) ( 17 ) ( 18 ) ( 21 ) ( 22 ) ( 23 ) ( 24 ) ( 25 ) ( 26 ) ( 27 ) ( 31 ) ( 32 ) ( 33 ) ( 37 ) ( 38 ) ( 39 ) ( 43 ) ( 44 ) ( 28 ) ( 29 ) ( 30 ) ( 34 ) ( 35 ) ( 36 ) ( 40 ) ( 41 ) ( 42 ) ( 45 ) ( 46 ) ( 47 )
--------------------------------------------------------------------------------
Level:			3
Size:			17.88 MB
Cache groups:		( 0 1 2 3 7 8 9 13 14 15 19 20 ) ( 4 5 6 10 11 12 16 17 18 21 22 23 ) ( 24 25 26 27 31 32 33 37 38 39 43 44 ) ( 28 29 30 34 35 36 40 41 42 45 46 47 )
--------------------------------------------------------------------------------
********************************************************************************
NUMA Topology
********************************************************************************
NUMA domains:		4
--------------------------------------------------------------------------------
Domain:			0
Processors:		( 0 1 2 3 7 8 9 13 14 15 19 20 )
Distances:		10 11 21 21
Free memory:		45373.6 MB
Total memory:		46891 MB
--------------------------------------------------------------------------------
Domain:			1
Processors:		( 4 5 6 10 11 12 16 17 18 21 22 23 )
Distances:		11 10 21 21
Free memory:		46854.4 MB
Total memory:		48381.2 MB
--------------------------------------------------------------------------------
Domain:			2
Processors:		( 24 25 26 27 31 32 33 37 38 39 43 44 )
Distances:		21 21 10 11
Free memory:		46800.4 MB
Total memory:		48381.2 MB
--------------------------------------------------------------------------------
Domain:			3
Processors:		( 28 29 30 34 35 36 40 41 42 45 46 47 )
Distances:		21 21 11 10
Free memory:		45752.2 MB
Total memory:		48338.6 MB
--------------------------------------------------------------------------------
