   0	5.133e+13
   1	1.283e+13
   2	5.706e+12
   3	3.212e+12
   4	2.06e+12
   5	1.449e+12
   6	1.281e+12
   7	1.526e+12
   8	8.583e+11
   9	9.852e+11
  10	7.24e+11
  11	7.397e+11
  12	7.518e+11
  13	7.241e+11
  14	4.932e+11
  15	6.815e+11
  16	4.485e+11
  17	4.83e+11
  18	4.599e+11
  19	3.771e+11
  20	4.011e+11
  21	3.429e+11
  22	3.55e+11
  23	2.996e+11
  24	3.174e+11
  25	2.782e+11
  26	2.676e+11
  27	2.808e+11
  28	2.24e+11
  29	2.626e+11
  30	2.182e+11
  31	2.164e+11
  32	2.297e+11
  33	1.846e+11
  34	2.17e+11
  35	1.839e+11
  36	1.832e+11
  37	1.928e+11
  38	1.619e+11
  39	1.838e+11
  40	1.619e+11
  41	1.618e+11
  42	1.666e+11
  43	1.478e+11
  44	1.611e+11
  45	1.466e+11
  46	1.481e+11
  47	1.484e+11
  48	1.385e+11
  49	1.462e+11
  50	1.357e+11
  51	1.392e+11
  52	1.36e+11
  53	1.32e+11
  54	1.366e+11
  55	1.279e+11
  56	1.335e+11
  57	1.279e+11
  58	1.274e+11
  59	1.306e+11
  60	1.225e+11
  61	1.298e+11
  62	1.228e+11
  63	1.241e+11
  64	1.271e+11
  65	1.188e+11
  66	1.275e+11
  67	 1.2e+11
  68	1.217e+11
  69	1.253e+11
  70	1.166e+11
  71	1.26e+11
  72	1.186e+11
  73	1.201e+11
  74	1.245e+11
  75	1.154e+11
  76	1.251e+11
  77	1.183e+11
  78	1.19e+11
  79	1.244e+11
  80	1.151e+11
  81	1.244e+11
  82	1.186e+11
  83	1.183e+11
  84	1.244e+11
  85	1.152e+11
  86	1.238e+11
  87	1.193e+11
  88	1.179e+11
  89	1.246e+11
  90	1.156e+11
  91	1.232e+11
  92	 1.2e+11
  93	1.176e+11
  94	1.245e+11
  95	1.162e+11
  96	1.226e+11
  97	1.205e+11
  98	1.174e+11
  99	1.242e+11
 100	1.166e+11
 101	1.218e+11
 102	1.208e+11
 103	1.171e+11
 104	1.236e+11
 105	1.168e+11
 106	1.208e+11
 107	1.207e+11
 108	1.167e+11
 109	1.226e+11
 110	1.167e+11
 111	1.196e+11
 112	1.201e+11
 113	1.16e+11
 114	1.213e+11
 115	1.163e+11
 116	1.182e+11
 117	1.19e+11
 118	1.15e+11
 119	1.196e+11
 120	1.153e+11
 121	1.165e+11
 122	1.176e+11
 123	1.137e+11
 124	1.176e+11
 125	1.14e+11
 126	1.146e+11
 127	1.157e+11
 128	1.12e+11
 129	1.153e+11
 130	1.122e+11
 131	1.124e+11
 132	1.134e+11
 133	 1.1e+11
 134	1.128e+11
 135	 1.1e+11
 136	1.099e+11
 137	1.109e+11
 138	1.077e+11
 139	 1.1e+11
 140	1.076e+11
 141	1.072e+11
 142	1.081e+11
 143	1.051e+11
 144	1.071e+11
 145	1.048e+11
 146	1.043e+11
 147	1.052e+11
 148	1.022e+11
 149	1.04e+11
 150	1.019e+11
 151	1.012e+11
 152	1.021e+11
 153	9.918e+10
 154	1.007e+11
 155	9.882e+10
 156	9.801e+10
 157	9.888e+10
 158	9.601e+10
 159	9.74e+10
 160	9.566e+10
 161	9.469e+10
 162	9.562e+10
 163	9.277e+10
 164	9.401e+10
 165	9.247e+10
 166	9.13e+10
 167	9.233e+10
 168	8.95e+10
 169	9.058e+10
 170	8.927e+10
 171	8.79e+10
 172	8.902e+10
 173	8.624e+10
 174	8.715e+10
 175	8.61e+10
 176	8.451e+10
 177	8.573e+10
 178	8.303e+10
 179	8.373e+10
 180	8.296e+10
 181	8.116e+10
 182	8.246e+10
 183	7.99e+10
 184	8.035e+10
 185	7.989e+10
 186	7.79e+10
 187	7.924e+10
 188	7.685e+10
 189	7.703e+10
 190	7.688e+10
 191	7.474e+10
 192	7.606e+10
 193	7.391e+10
 194	7.379e+10
 195	7.395e+10
 196	7.169e+10
 197	7.296e+10
 198	7.108e+10
 199	7.066e+10
 200	7.109e+10
 201	6.877e+10
 202	6.992e+10
 203	6.836e+10
 204	6.764e+10
 205	6.83e+10
 206	6.599e+10
 207	6.698e+10
 208	6.574e+10
 209	6.475e+10
 210	6.559e+10
 211	6.335e+10
 212	6.413e+10
 213	6.323e+10
 214	 6.2e+10
 215	6.296e+10
 216	6.084e+10
 217	6.138e+10
 218	6.082e+10
 219	5.938e+10
 220	6.041e+10
 221	5.847e+10
 222	5.874e+10
 223	5.85e+10
 224	5.69e+10
 225	5.794e+10
 226	5.621e+10
 227	5.621e+10
 228	5.626e+10
 229	5.456e+10
 230	5.554e+10
 231	5.408e+10
 232	5.381e+10
 233	5.409e+10
 234	5.236e+10
 235	5.323e+10
 236	5.204e+10
 237	5.152e+10
 238	 5.2e+10
 239	5.029e+10
 240	5.101e+10
 241	5.01e+10
 242	4.936e+10
 243	4.997e+10
 244	4.833e+10
 245	4.887e+10
 246	4.824e+10
 247	4.731e+10
 248	4.802e+10
 249	4.649e+10
 250	4.683e+10
 251	4.646e+10
 252	4.538e+10
 253	4.612e+10
 254	4.474e+10
 255	4.488e+10
 256	4.475e+10
 257	4.357e+10
 258	4.429e+10
 259	4.309e+10
 260	4.302e+10
 261	4.309e+10
 262	4.186e+10
 263	4.252e+10
 264	4.153e+10
 265	4.126e+10
 266	4.149e+10
 267	4.025e+10
 268	4.082e+10
 269	4.003e+10
 270	3.958e+10
 271	3.995e+10
 272	3.874e+10
 273	3.918e+10
 274	3.86e+10
 275	 3.8e+10
 276	3.845e+10
 277	3.731e+10
 278	3.761e+10
 279	3.723e+10
 280	3.651e+10
 281	 3.7e+10
 282	3.595e+10
 283	3.611e+10
 284	3.591e+10
 285	3.51e+10
 286	3.559e+10
 287	3.467e+10
 288	3.467e+10
 289	3.463e+10
 290	3.377e+10
 291	3.423e+10
 292	3.345e+10
 293	3.33e+10
 294	3.339e+10
 295	3.251e+10
 296	3.292e+10
 297	3.228e+10
 298	 3.2e+10
 299	3.22e+10
 300	3.132e+10
 301	3.165e+10
 302	3.116e+10
 303	3.077e+10
 304	3.103e+10
 305	3.02e+10
 306	3.043e+10
 307	3.009e+10
 308	2.96e+10
 309	2.991e+10
 310	2.913e+10
 311	2.926e+10
 312	2.905e+10
 313	2.85e+10
 314	2.881e+10
 315	2.812e+10
 316	2.814e+10
 317	2.805e+10
 318	2.745e+10
 319	2.775e+10
 320	2.715e+10
 321	2.707e+10
 322	2.708e+10
 323	2.645e+10
 324	2.673e+10
 325	2.623e+10
 326	2.605e+10
 327	2.613e+10
 328	2.551e+10
 329	2.573e+10
 330	2.534e+10
 331	2.508e+10
 332	2.522e+10
 333	2.461e+10
 334	2.478e+10
 335	2.448e+10
 336	2.415e+10
 337	2.433e+10
 338	2.376e+10
 339	2.386e+10
 340	2.366e+10
 341	2.327e+10
 342	2.347e+10
 343	2.295e+10
 344	2.297e+10
 345	2.286e+10
 346	2.244e+10
 347	2.263e+10
 348	2.217e+10
 349	2.213e+10
 350	2.208e+10
 351	2.164e+10
 352	2.182e+10
 353	2.143e+10
 354	2.131e+10
 355	2.133e+10
 356	2.088e+10
 357	2.103e+10
 358	2.071e+10
 359	2.054e+10
 360	2.06e+10
 361	2.016e+10
 362	2.027e+10
 363	2.002e+10
 364	1.98e+10
 365	1.989e+10
 366	1.947e+10
 367	1.954e+10
 368	1.936e+10
 369	1.909e+10
 370	1.92e+10
 371	1.881e+10
 372	1.883e+10
 373	1.871e+10
 374	1.842e+10
 375	1.853e+10
 376	1.818e+10
 377	1.815e+10
 378	1.809e+10
 379	1.777e+10
 380	1.788e+10
 381	1.758e+10
 382	1.75e+10
 383	1.748e+10
 384	1.716e+10
 385	1.725e+10
 386	 1.7e+10
 387	1.688e+10
 388	1.689e+10
 389	1.657e+10
 390	1.664e+10
 391	1.643e+10
 392	1.628e+10
 393	1.632e+10
 394	1.601e+10
 395	1.605e+10
 396	1.589e+10
 397	1.57e+10
 398	1.576e+10
 399	1.547e+10
 400	1.548e+10
 401	1.536e+10
 402	1.515e+10
 403	1.522e+10
 404	1.495e+10
 405	1.493e+10
 406	1.485e+10
 407	1.463e+10
 408	1.469e+10
 409	1.445e+10
 410	1.44e+10
 411	1.436e+10
 412	1.412e+10
 413	1.418e+10
 414	1.398e+10
 415	1.389e+10
 416	1.388e+10
 417	1.364e+10
 418	1.369e+10
 419	1.351e+10
 420	1.34e+10
 421	1.341e+10
 422	1.318e+10
 423	1.32e+10
 424	1.307e+10
 425	1.293e+10
 426	1.296e+10
 427	1.273e+10
 428	1.274e+10
 429	1.263e+10
 430	1.248e+10
 431	1.251e+10
 432	1.231e+10
 433	1.229e+10
 434	1.221e+10
 435	1.205e+10
 436	1.208e+10
 437	1.189e+10
 438	1.186e+10
 439	1.18e+10
 440	1.163e+10
 441	1.166e+10
 442	1.15e+10
 443	1.144e+10
 444	1.141e+10
 445	1.123e+10
 446	1.125e+10
 447	1.111e+10
 448	1.103e+10
 449	1.102e+10
 450	1.084e+10
 451	1.086e+10
 452	1.074e+10
 453	1.064e+10
 454	1.064e+10
 455	1.047e+10
 456	1.048e+10
 457	1.038e+10
 458	1.027e+10
 459	1.028e+10
 460	1.012e+10
 461	1.01e+10
 462	1.003e+10
 463	9.907e+09
 464	9.921e+09
 465	9.772e+09
 466	9.744e+09
 467	9.689e+09
 468	9.558e+09
 469	9.574e+09
 470	9.439e+09
 471	9.395e+09
 472	9.358e+09
 473	9.223e+09
 474	9.235e+09
 475	9.116e+09
 476	9.058e+09
 477	9.036e+09
 478	 8.9e+09
 479	8.906e+09
 480	8.804e+09
 481	8.732e+09
 482	8.721e+09
 483	8.588e+09
 484	8.586e+09
 485	8.501e+09
 486	8.418e+09
 487	8.415e+09
 488	8.287e+09
 489	8.275e+09
 490	8.207e+09
 491	8.114e+09
 492	8.116e+09
 493	7.996e+09
 494	7.974e+09
 495	7.921e+09
 496	7.82e+09
 497	7.825e+09
 498	7.714e+09
 499	7.681e+09
 500	7.642e+09
 501	7.537e+09
 502	7.541e+09
 503	7.442e+09
 504	7.397e+09
 505	7.37e+09
 506	7.263e+09
 507	7.263e+09
 508	7.175e+09
 509	7.118e+09
 510	7.098e+09
 511	6.987e+09
 512	6.974e+09
 513	6.887e+09
 514	6.805e+09
 515	6.769e+09
 516	6.631e+09
 517	6.572e+09
 518	6.45e+09
 519	6.305e+09
 520	6.21e+09
 521	6.014e+09
 522	5.883e+09
 523	5.717e+09
 524	5.522e+09
 525	5.394e+09
 526	5.192e+09
 527	5.048e+09
 528	4.896e+09
 529	4.712e+09
 530	4.592e+09
 531	4.411e+09
 532	4.268e+09
 533	4.132e+09
 534	3.961e+09
 535	3.851e+09
 536	 3.7e+09
 537	3.574e+09
 538	3.466e+09
 539	3.322e+09
 540	3.228e+09
 541	3.105e+09
 542	2.995e+09
 543	2.909e+09
 544	2.791e+09
 545	2.715e+09
 546	2.62e+09
 547	2.527e+09
 548	2.46e+09
 549	2.365e+09
 550	2.302e+09
 551	2.231e+09
 552	2.154e+09
 553	2.104e+09
 554	2.028e+09
 555	1.976e+09
 556	1.923e+09
 557	1.86e+09
 558	1.822e+09
 559	1.763e+09
 560	1.721e+09
 561	1.681e+09
 562	1.63e+09
 563	1.602e+09
 564	1.557e+09
 565	1.522e+09
 566	1.494e+09
 567	1.452e+09
 568	1.431e+09
 569	1.397e+09
 570	1.368e+09
 571	1.348e+09
 572	1.314e+09
 573	1.299e+09
 574	1.274e+09
 575	1.249e+09
 576	1.237e+09
 577	1.209e+09
 578	1.198e+09
 579	1.18e+09
 580	1.16e+09
 581	1.152e+09
 582	1.131e+09
 583	1.122e+09
 584	1.11e+09
 585	1.093e+09
 586	1.089e+09
 587	1.072e+09
 588	1.065e+09
 589	1.059e+09
 590	1.044e+09
 591	1.043e+09
 592	1.031e+09
 593	1.025e+09
 594	1.023e+09
 595	1.01e+09
 596	1.012e+09
 597	1.003e+09
 598	9.979e+08
 599	9.987e+08
 600	9.881e+08
 601	9.908e+08
 602	9.855e+08
 603	9.807e+08
 604	9.841e+08
 605	9.754e+08
 606	9.786e+08
 607	9.762e+08
 608	9.715e+08
 609	9.768e+08
 610	9.697e+08
 611	9.729e+08
 612	9.731e+08
 613	9.682e+08
 614	9.748e+08
 615	9.692e+08
 616	9.718e+08
 617	9.741e+08
 618	9.691e+08
 619	9.763e+08
 620	9.72e+08
 621	9.736e+08
 622	9.778e+08
 623	9.723e+08
 624	9.795e+08
 625	9.765e+08
 626	9.768e+08
 627	9.823e+08
 628	9.764e+08
 629	9.829e+08
 630	9.813e+08
 631	9.799e+08
 632	9.861e+08
 633	9.799e+08
 634	9.852e+08
 635	9.848e+08
 636	9.816e+08
 637	9.88e+08
 638	9.817e+08
 639	9.853e+08
 640	9.857e+08
 641	9.807e+08
 642	9.869e+08
 643	9.805e+08
 644	9.82e+08
 645	9.831e+08
 646	9.765e+08
 647	9.818e+08
 648	9.755e+08
 649	9.747e+08
 650	9.763e+08
 651	9.681e+08
 652	9.721e+08
 653	9.66e+08
 654	9.629e+08
 655	9.646e+08
 656	9.551e+08
 657	9.575e+08
 658	9.519e+08
 659	9.463e+08
 660	9.478e+08
 661	9.375e+08
 662	9.379e+08
 663	9.327e+08
 664	9.249e+08
 665	9.261e+08
 666	9.153e+08
 667	9.135e+08
 668	9.088e+08
 669	8.992e+08
 670	8.996e+08
 671	8.886e+08
 672	8.848e+08
 673	8.806e+08
 674	8.694e+08
 675	8.688e+08
 676	8.582e+08
 677	8.523e+08
 678	8.485e+08
 679	8.363e+08
 680	8.346e+08
 681	8.245e+08
 682	8.167e+08
 683	8.132e+08
 684	8.005e+08
 685	7.975e+08
 686	7.882e+08
 687	7.789e+08
 688	7.756e+08
 689	7.627e+08
 690	7.585e+08
 691	7.501e+08
 692	7.395e+08
 693	7.362e+08
 694	7.237e+08
 695	7.182e+08
 696	7.108e+08
 697	6.994e+08
 698	6.96e+08
 699	6.841e+08
 700	6.775e+08
 701	6.71e+08
 702	6.592e+08
 703	6.555e+08
 704	6.445e+08
 705	6.37e+08
 706	6.313e+08
 707	6.195e+08
 708	6.155e+08
 709	6.055e+08
 710	5.972e+08
 711	5.923e+08
 712	5.807e+08
 713	5.762e+08
 714	5.675e+08
 715	5.586e+08
 716	5.543e+08
 717	5.433e+08
 718	5.383e+08
 719	5.308e+08
 720	5.215e+08
 721	5.176e+08
 722	5.074e+08
 723	5.02e+08
 724	4.955e+08
 725	4.863e+08
 726	4.826e+08
 727	4.733e+08
 728	4.675e+08
 729	4.62e+08
 730	4.529e+08
 731	4.493e+08
 732	4.41e+08
 733	4.349e+08
 734	4.303e+08
 735	4.215e+08
 736	4.18e+08
 737	4.107e+08
 738	4.043e+08
 739	4.005e+08
 740	3.921e+08
 741	3.885e+08
 742	3.822e+08
 743	3.757e+08
 744	3.724e+08
 745	3.647e+08
 746	3.609e+08
 747	3.556e+08
 748	3.491e+08
 749	3.462e+08
 750	3.392e+08
 751	3.352e+08
 752	3.308e+08
 753	3.244e+08
 754	3.217e+08
 755	3.154e+08
 756	3.113e+08
 757	3.077e+08
 758	3.014e+08
 759	2.989e+08
 760	2.934e+08
 761	2.891e+08
 762	2.861e+08
 763	2.802e+08
 764	2.777e+08
 765	2.729e+08
 766	2.686e+08
 767	2.66e+08
 768	2.605e+08
 769	2.58e+08
 770	2.539e+08
 771	2.495e+08
 772	2.474e+08
 773	2.423e+08
 774	2.397e+08
 775	2.363e+08
 776	2.319e+08
 777	 2.3e+08
 778	2.254e+08
 779	2.227e+08
 780	2.198e+08
 781	2.155e+08
 782	2.138e+08
 783	2.097e+08
 784	2.069e+08
 785	2.045e+08
 786	2.004e+08
 787	1.987e+08
 788	1.951e+08
 789	1.922e+08
 790	1.902e+08
 791	1.863e+08
 792	1.846e+08
 793	1.815e+08
 794	1.786e+08
 795	1.769e+08
 796	1.732e+08
 797	1.715e+08
 798	1.689e+08
 799	1.659e+08
 800	1.644e+08
 801	1.611e+08
 802	1.593e+08
 803	1.571e+08
 804	1.541e+08
 805	1.528e+08
 806	1.498e+08
 807	1.479e+08
 808	1.46e+08
 809	1.431e+08
 810	1.419e+08
 811	1.392e+08
 812	1.372e+08
 813	1.357e+08
 814	1.329e+08
 815	1.317e+08
 816	1.293e+08
 817	1.273e+08
 818	1.26e+08
 819	1.234e+08
 820	1.222e+08
 821	1.201e+08
 822	1.181e+08
 823	1.169e+08
 824	1.144e+08
 825	1.132e+08
 826	1.115e+08
 827	1.094e+08
 828	1.084e+08
 829	1.061e+08
 830	1.048e+08
 831	1.034e+08
 832	1.013e+08
 833	1.004e+08
 834	9.836e+07
 835	9.702e+07
 836	9.576e+07
 837	9.378e+07
 838	9.29e+07
 839	9.109e+07
 840	8.97e+07
 841	8.863e+07
 842	8.674e+07
 843	8.587e+07
 844	8.428e+07
 845	8.286e+07
 846	8.194e+07
 847	8.016e+07
 848	7.928e+07
 849	7.791e+07
 850	7.648e+07
 851	7.567e+07
 852	7.402e+07
 853	7.312e+07
 854	7.194e+07
 855	7.052e+07
 856	6.979e+07
 857	6.829e+07
 858	6.736e+07
 859	6.636e+07
 860	6.496e+07
 861	6.429e+07
 862	6.294e+07
 863	6.198e+07
 864	6.113e+07
 865	5.979e+07
 866	5.914e+07
 867	5.795e+07
 868	5.697e+07
 869	5.624e+07
 870	5.497e+07
 871	5.434e+07
 872	5.33e+07
 873	5.231e+07
 874	5.168e+07
 875	5.05e+07
 876	4.986e+07
 877	4.896e+07
 878	4.798e+07
 879	4.742e+07
 880	4.634e+07
 881	4.569e+07
 882	4.493e+07
 883	4.397e+07
 884	4.346e+07
 885	4.249e+07
 886	4.183e+07
 887	4.118e+07
 888	4.025e+07
 889	3.978e+07
 890	3.891e+07
 891	3.825e+07
 892	3.77e+07
 893	3.681e+07
 894	3.637e+07
 895	3.56e+07
 896	3.494e+07
 897	3.447e+07
 898	3.364e+07
 899	3.321e+07
 900	3.254e+07
 901	3.189e+07
 902	3.148e+07
 903	3.072e+07
 904	3.029e+07
 905	2.969e+07
 906	2.907e+07
 907	2.872e+07
 908	2.805e+07
 909	2.761e+07
 910	2.711e+07
 911	2.653e+07
 912	2.617e+07
 913	2.557e+07
 914	2.515e+07
 915	2.473e+07
 916	2.416e+07
 917	2.384e+07
 918	2.332e+07
 919	2.288e+07
 920	2.255e+07
 921	 2.2e+07
 922	2.171e+07
 923	2.125e+07
 924	2.083e+07
 925	2.054e+07
 926	2.004e+07
 927	1.976e+07
 928	1.936e+07
 929	1.896e+07
 930	1.87e+07
 931	1.826e+07
 932	1.797e+07
 933	1.765e+07
 934	1.726e+07
 935	1.703e+07
 936	1.664e+07
 937	1.636e+07
 938	1.609e+07
 939	1.572e+07
 940	1.552e+07
 941	1.517e+07
 942	1.49e+07
 943	1.467e+07
 944	1.433e+07
 945	1.414e+07
 946	1.384e+07
 947	1.359e+07
 948	1.339e+07
 949	1.308e+07
 950	1.29e+07
 951	1.265e+07
 952	1.24e+07
 953	1.224e+07
 954	1.195e+07
 955	1.179e+07
 956	1.157e+07
 957	1.134e+07
 958	1.12e+07
 959	1.094e+07
 960	1.079e+07
 961	1.061e+07
 962	1.039e+07
 963	1.027e+07
 964	1.005e+07
 965	9.894e+06
 966	9.749e+06
 967	9.539e+06
 968	9.436e+06
 969	9.244e+06
 970	 9.1e+06
 971	8.979e+06
 972	8.79e+06
 973	8.695e+06
 974	8.534e+06
 975	8.393e+06
 976	8.298e+06
 977	8.124e+06
 978	8.038e+06
 979	7.904e+06
 980	7.77e+06
 981	7.693e+06
 982	7.538e+06
 983	7.458e+06
 984	7.347e+06
 985	7.221e+06
 986	7.157e+06
 987	7.023e+06
 988	6.944e+06
 989	6.858e+06
 990	6.737e+06
 991	6.687e+06
 992	6.569e+06
 993	6.495e+06
 994	6.426e+06
 995	6.315e+06
 996	6.27e+06
 997	6.172e+06
 998	6.098e+06
 999	6.047e+06
1000	5.943e+06
1001	5.904e+06
1002	5.823e+06
1003	5.75e+06
1004	5.711e+06
1005	5.618e+06
1006	5.581e+06
1007	5.515e+06
1008	5.444e+06
1009	5.414e+06
1010	5.33e+06
1011	5.293e+06
1012	5.241e+06
1013	5.17e+06
1014	5.147e+06
1015	5.071e+06
1016	5.033e+06
1017	4.99e+06
1018	4.918e+06
1019	4.894e+06
1020	4.822e+06
1021	4.77e+06
1022	4.722e+06
1023	4.628e+06
1024	4.571e+06
1025	4.459e+06
1026	4.337e+06
1027	 4.2e+06
1028	3.989e+06
1029	3.773e+06
1030	3.484e+06
1031	3.148e+06
1032	2.789e+06
1033	2.375e+06
1034	1.976e+06
1035	1.581e+06
1036	1.219e+06
1037	9.151e+05
1038	 6.6e+05
1039	4.677e+05
1040	3.258e+05
1041	2.253e+05
1042	 1.6e+05
1043	1.177e+05
1044	9.423e+04
1045	8.471e+04
1046	8.721e+04
1047	1.055e+05
1048	1.456e+05
1049	2.25e+05
1050	3.783e+05
1051	6.606e+05
1052	1.182e+06
1053	2.056e+06
1054	3.301e+06
1055	4.59e+06
1056	5.043e+06
1057	4.292e+06
1058	2.894e+06
1059	1.658e+06
1060	8.885e+05
1061	4.73e+05
1062	2.766e+05
1063	1.958e+05
1064	1.807e+05
1065	2.232e+05
1066	3.353e+05
1067	5.327e+05
1068	7.642e+05
1069	8.442e+05
1070	6.922e+05
1071	4.511e+05
1072	2.753e+05
1073	1.901e+05
1074	1.692e+05
1075	2.049e+05
1076	3.049e+05
1077	4.581e+05
1078	5.728e+05
1079	5.185e+05
1080	 3.6e+05
1081	2.312e+05
1082	1.697e+05
1083	1.685e+05
1084	2.224e+05
1085	3.318e+05
1086	4.417e+05
1087	4.304e+05
1088	3.137e+05
1089	2.061e+05
1090	1.57e+05
1091	1.637e+05
1092	2.226e+05
1093	3.217e+05
1094	3.785e+05
1095	3.174e+05
1096	2.163e+05
1097	1.542e+05
1098	1.454e+05
1099	1.867e+05
1100	2.661e+05
1101	3.209e+05
1102	2.753e+05
1103	1.894e+05
1104	1.392e+05
1105	1.36e+05
1106	1.79e+05
1107	2.486e+05
1108	2.719e+05
1109	2.146e+05
1110	1.473e+05
1111	1.208e+05
1112	1.37e+05
1113	1.891e+05
1114	2.362e+05
1115	2.108e+05
1116	1.488e+05
1117	1.128e+05
1118	1.156e+05
1119	1.549e+05
1120	2.002e+05
1121	1.905e+05
1122	1.383e+05
1123	1.026e+05
1124	1.03e+05
1125	1.352e+05
1126	1.733e+05
1127	1.643e+05
1128	1.185e+05
1129	9.058e+04
1130	9.395e+04
1131	1.241e+05
1132	1.528e+05
1133	1.345e+05
1134	9.625e+04
1135	7.869e+04
1136	8.855e+04
1137	1.184e+05
1138	1.31e+05
1139	1.041e+05
1140	7.586e+04
1141	7.017e+04
1142	8.806e+04
1143	1.115e+05
1144	1.044e+05
1145	7.64e+04
1146	6.129e+04
1147	6.811e+04
1148	8.937e+04
1149	9.616e+04
1150	7.538e+04
1151	5.628e+04
1152	5.571e+04
1153	7.148e+04
1154	8.397e+04
1155	7.142e+04
1156	5.222e+04
1157	4.754e+04
1158	5.858e+04
1159	7.196e+04
1160	6.53e+04
1161	4.797e+04
1162	4.16e+04
1163	4.955e+04
1164	6.195e+04
1165	5.838e+04
1166	4.337e+04
1167	3.688e+04
1168	4.324e+04
1169	5.418e+04
1170	5.157e+04
1171	3.861e+04
1172	3.298e+04
1173	3.876e+04
1174	4.817e+04
1175	4.504e+04
1176	3.381e+04
1177	2.961e+04
1178	3.543e+04
1179	4.308e+04
1180	3.866e+04
1181	2.915e+04
1182	2.679e+04
1183	3.294e+04
1184	3.844e+04
1185	3.256e+04
1186	2.498e+04
1187	2.464e+04
1188	3.093e+04
1189	3.367e+04
1190	2.682e+04
1191	2.155e+04
1192	2.322e+04
1193	2.904e+04
1194	2.861e+04
1195	2.183e+04
1196	1.909e+04
1197	2.241e+04
1198	2.664e+04
1199	2.336e+04
1200	1.791e+04
1201	1.767e+04
1202	2.187e+04
1203	2.327e+04
1204	1.85e+04
1205	1.528e+04
1206	1.717e+04
1207	2.084e+04
1208	1.905e+04
1209	1.47e+04
1210	1.397e+04
1211	1.713e+04
1212	1.853e+04
1213	1.484e+04
1214	1.234e+04
1215	1.376e+04
1216	1.656e+04
1217	1.503e+04
1218	1.164e+04
1219	1.142e+04
1220	1.396e+04
1221	1.453e+04
1222	1.151e+04
1223	    9932
1224	1.155e+04
1225	1.334e+04
1226	1.14e+04
1227	    9154
1228	    9612
1229	1.171e+04
1230	1.114e+04
1231	    8686
1232	    8287
1233	    9999
1234	1.054e+04
1235	    8438
1236	    7332
1237	    8535
1238	    9673
1239	    8172
1240	    6723
1241	    7299
1242	    8704
1243	    7856
1244	    6250
1245	    6385
1246	    7690
1247	    7465
1248	    5899
1249	    5639
1250	    6811
1251	    6974
1252	    5587
1253	    5085
1254	    5997
1255	    6486
1256	    5280
1257	    4626
1258	    5348
1259	    5947
1260	    4998
1261	    4245
1262	    4781
1263	    5472
1264	    4681
1265	    3928
1266	    4321
1267	    5001
1268	    4399
1269	    3627
1270	    3938
1271	    4597
1272	    4088
1273	    3378
1274	    3602
1275	    4230
1276	    3808
1277	    3124
1278	    3337
1279	    3901
1280	    3524
1281	    2909
1282	    3090
1283	    3627
1284	    3257
1285	    2699
1286	    2903
1287	    3365
1288	    3014
1289	    2514
1290	    2723
1291	    3150
1292	    2766
1293	    2346
1294	    2586
1295	    2936
1296	    2555
1297	    2192
1298	    2465
1299	    2752
1300	    2338
1301	    2070
1302	    2363
1303	    2568
1304	    2155
1305	    1954
1306	    2284
1307	    2391
1308	    1978
1309	    1877
1310	    2201
1311	    2220
1312	    1827
1313	    1808
1314	    2139
1315	    2042
1316	    1700
1317	    1768
1318	    2055
1319	    1881
1320	    1593
1321	    1743
1322	    1973
1323	    1715
1324	    1523
1325	    1729
1326	    1866
1327	    1577
1328	    1470
1329	    1724
1330	    1744
1331	    1453
1332	    1456
1333	    1700
1334	    1613
1335	    1362
1336	    1454
1337	    1666
1338	    1473
1339	    1303
1340	    1475
1341	    1589
1342	    1354
1343	    1275
1344	    1491
1345	    1491
1346	    1249
1347	    1284
1348	    1486
1349	    1369
1350	    1187
1351	    1306
1352	    1449
1353	    1250
1354	    1156
1355	    1343
1356	    1364
1357	    1154
1358	    1166
1359	    1351
1360	    1260
1361	    1088
1362	    1200
1363	    1324
1364	    1144
1365	    1071
1366	    1235
1367	    1245
1368	    1056
1369	    1082
1370	    1248
1371	    1136
1372	    1003
1373	    1124
1374	    1202
1375	    1033
1376	     995
1377	    1152
1378	    1116
1379	   954.4
1380	    1024
1381	    1143
1382	    1004
1383	   927.4
1384	    1058
1385	    1076
1386	   915.9
1387	   936.6
1388	    1072
1389	   970.4
1390	     867
1391	   974.4
1392	    1020
1393	   874.8
1394	   864.2
1395	   992.3
1396	   928.6
1397	   810.8
1398	   895.4
1399	   959.3
1400	   825.7
1401	   800.8
1402	   915.3
1403	   874.3
1404	   758.5
1405	   820.8
1406	     894
1407	   772.3
1408	   738.8
1409	   845.1
1410	   811.1
1411	   704.6
1412	   754.9
1413	     823
1414	   716.6
1415	   679.1
1416	   777.2
1417	   746.2
1418	   646.9
1419	     696
1420	   751.9
1421	   655.7
1422	   624.9
1423	   710.4
1424	   680.2
1425	   590.1
1426	   639.3
1427	   684.7
1428	   591.8
1429	   574.3
1430	   648.7
1431	   611.2
1432	   537.3
1433	   585.6
1434	   618.5
1435	   530.9
1436	   525.2
1437	   592.1
1438	   542.8
1439	   487.1
1440	     538
1441	   551.2
1442	   474.5
1443	   480.6
1444	   535.8
1445	   479.4
1446	   439.7
1447	   494.1
1448	   486.3
1449	   421.3
1450	   442.1
1451	   478.6
1452	   420.4
1453	   398.7
1454	   449.4
1455	   425.2
1456	   373.2
1457	   406.2
1458	   422.3
1459	   364.8
1460	   363.6
1461	     403
1462	   366.1
1463	   332.2
1464	   369.1
1465	   365.9
1466	   315.2
1467	   330.4
1468	   354.5
1469	   309.4
1470	   296.5
1471	   329.2
1472	   307.7
1473	   272.3
1474	   295.6
1475	   301.4
1476	   258.1
1477	     262
1478	   284.8
1479	     251
1480	   234.4
1481	   258.7
1482	   245.6
1483	   214.8
1484	   228.9
1485	   236.2
1486	   202.3
1487	   201.3
1488	   219.4
1489	   194.3
1490	   179.3
1491	   196.8
1492	   187.3
1493	   163.3
1494	   172.4
1495	   177.6
1496	   152.3
1497	   150.5
1498	   163.4
1499	   144.3
1500	     133
1501	   145.5
1502	   137.3
1503	     120
1504	   126.7
1505	   128.9
1506	   110.5
1507	   109.9
1508	   118.1
1509	   103.4
1510	   96.24
1511	   105.1
1512	   97.36
1513	   85.93
1514	   91.64
1515	   91.07
1516	   78.33
1517	    79.3
1518	   83.76
1519	   72.64
1520	   69.17
1521	   75.34
1522	   68.12
1523	   61.45
1524	    66.5
1525	   64.08
1526	   55.84
1527	   58.25
1528	   59.95
1529	   51.87
1530	   51.37
1531	   55.45
1532	   49.15
1533	   46.19
1534	   50.72
1535	   47.33
1536	   42.67
1537	   46.24
1538	   46.09
1539	   40.66
1540	   42.58
1541	   45.17
1542	   40.02
1543	   40.15
1544	   44.49
1545	   40.74
1546	   39.23
1547	    44.2
1548	   42.84
1549	   39.96
1550	   44.69
1551	   46.31
1552	   42.49
1553	   46.32
1554	   50.93
1555	   46.87
1556	   49.15
1557	   55.92
1558	   52.53
1559	   52.28
1560	   59.47
1561	   57.31
1562	   53.45
1563	   58.57
1564	   57.36
1565	   49.93
1566	   51.21
1567	   50.29
1568	   41.52
1569	   39.58
1570	   38.99
1571	   31.89
1572	   28.78
1573	   28.97
1574	   24.81
1575	   21.95
1576	   22.98
1577	   21.34
1578	   18.92
1579	   20.27
1580	   20.08
1581	   17.65
1582	   18.43
1583	   18.75
1584	   16.19
1585	      16
1586	   16.54
1587	   14.43
1588	   13.75
1589	   14.75
1590	   13.48
1591	   12.61
1592	   13.86
1593	   13.17
1594	   11.93
1595	   12.82
1596	    12.4
1597	   10.89
1598	   11.34
1599	   11.41
1600	   10.06
1601	    10.3
1602	   10.88
1603	   9.699
1604	   9.572
1605	   10.25
1606	   9.127
1607	   8.621
1608	   9.275
1609	   8.497
1610	   7.897
1611	   8.577
1612	   8.191
1613	   7.435
1614	   7.913
1615	   7.738
1616	   6.823
1617	   7.114
1618	   7.222
1619	    6.38
1620	   6.581
1621	   6.884
1622	   6.083
1623	   6.053
1624	   6.381
1625	   5.695
1626	   5.512
1627	   5.938
1628	   5.468
1629	   5.157
1630	   5.579
1631	   5.212
1632	   4.753
1633	   5.122
1634	   4.918
1635	   4.451
1636	    4.78
1637	   4.714
1638	   4.203
1639	   4.387
1640	   4.415
1641	   3.919
1642	   4.019
1643	   4.179
1644	   3.714
1645	   3.707
1646	   3.896
1647	   3.452
1648	    3.37
1649	   3.599
1650	   3.248
1651	   3.113
1652	   3.324
1653	   3.034
1654	   2.826
1655	   3.017
1656	    2.83
1657	   2.594
1658	   2.768
1659	   2.636
1660	   2.357
1661	   2.493
1662	   2.421
1663	   2.158
1664	   2.267
1665	    2.24
1666	    1.98
1667	   2.034
1668	   2.049
1669	   1.819
1670	   1.845
1671	   1.898
1672	   1.679
1673	   1.663
1674	   1.736
1675	   1.545
1676	   1.518
1677	   1.606
1678	   1.438
1679	   1.387
1680	   1.471
1681	   1.339
1682	   1.278
1683	   1.364
1684	   1.261
1685	   1.178
1686	   1.259
1687	   1.184
1688	   1.096
1689	   1.178
1690	   1.121
1691	   1.023
1692	   1.094
1693	   1.056
1694	  0.9636
1695	   1.026
1696	   1.002
1697	  0.9063
1698	  0.9527
1699	  0.9493
1700	   0.857
1701	   0.893
1702	  0.9009
1703	  0.8055
1704	  0.8327
1705	  0.8528
1706	  0.7629
1707	  0.7822
1708	  0.8038
1709	  0.7186
1710	  0.7304
1711	  0.7586
1712	  0.6829
1713	  0.6833
1714	  0.7128
1715	  0.6439
1716	  0.6378
1717	  0.6736
1718	  0.6099
1719	  0.5956
1720	  0.6316
1721	  0.5739
1722	  0.5585
1723	  0.5946
1724	  0.5416
1725	  0.5218
1726	   0.555
1727	  0.5114
1728	  0.4892
1729	  0.5199
1730	  0.4818
1731	  0.4554
1732	  0.4862
1733	  0.4547
1734	  0.4259
1735	  0.4542
1736	  0.4257
1737	  0.3972
1738	  0.4248
1739	     0.4
1740	  0.3709
1741	  0.3945
1742	  0.3741
1743	  0.3465
1744	  0.3676
1745	  0.3502
1746	  0.3219
1747	  0.3404
1748	  0.3277
1749	  0.2999
1750	  0.3159
1751	  0.3051
1752	  0.2776
1753	  0.2931
1754	  0.2845
1755	  0.2574
1756	  0.2711
1757	  0.2631
1758	   0.239
1759	  0.2511
1760	  0.2437
1761	  0.2214
1762	  0.2307
1763	  0.2262
1764	  0.2052
1765	  0.2122
1766	  0.2097
1767	  0.1885
1768	  0.1962
1769	  0.1941
1770	  0.1735
1771	  0.1812
1772	  0.1782
1773	  0.1608
1774	  0.1671
1775	   0.164
1776	  0.1487
1777	  0.1529
1778	  0.1521
1779	  0.1369
1780	  0.1404
1781	  0.1401
1782	  0.1254
1783	  0.1297
1784	  0.1285
1785	  0.1151
1786	  0.1188
1787	  0.1176
1788	  0.1059
1789	  0.1087
1790	  0.1078
1791	 0.09688
1792	 0.09973
1793	  0.0988
1794	  0.0887
1795	 0.09118
1796	 0.09025
1797	 0.08141
1798	 0.08324
1799	 0.08255
1800	  0.0741
1801	 0.07613
1802	 0.07547
1803	 0.06751
1804	 0.06961
1805	 0.06856
1806	 0.06171
1807	 0.06355
1808	 0.06234
1809	 0.05633
1810	 0.05779
1811	 0.05698
1812	 0.05117
1813	 0.05279
1814	 0.05167
1815	 0.04674
1816	 0.04815
1817	 0.04703
1818	 0.04252
1819	 0.04388
1820	  0.0429
1821	 0.03868
1822	 0.04009
1823	 0.03897
1824	  0.0353
1825	 0.03673
1826	 0.03537
1827	 0.03227
1828	 0.03348
1829	 0.03234
1830	 0.02944
1831	 0.03066
1832	 0.02946
1833	 0.02698
1834	 0.02812
1835	 0.02687
1836	 0.02471
1837	 0.02578
1838	 0.02464
1839	 0.02262
1840	 0.02372
1841	 0.02251
1842	 0.02081
1843	 0.02187
1844	 0.02055
1845	 0.01921
1846	 0.02011
1847	 0.01891
1848	 0.01768
1849	 0.01854
1850	 0.01736
1851	 0.01634
1852	 0.01711
1853	 0.01593
1854	 0.01511
1855	  0.0158
1856	 0.01469
1857	 0.01392
1858	 0.01465
1859	 0.01347
1860	 0.01293
1861	 0.01351
1862	 0.01238
1863	   0.012
1864	 0.01247
1865	  0.0114
1866	 0.01111
1867	 0.01152
1868	  0.0105
1869	 0.01031
1870	 0.01062
1871	0.009697
1872	0.009572
1873	0.009834
1874	0.008944
1875	 0.00889
1876	0.009138
1877	0.008249
1878	 0.00832
1879	0.008444
1880	 0.00767
1881	0.007781
1882	0.007844
1883	0.007127
1884	0.007306
1885	0.007295
1886	0.006655
1887	 0.00686
1888	0.006795
1889	 0.00625
1890	0.006436
1891	0.006369
1892	0.005841
1893	0.006096
1894	0.005945
1895	0.005495
1896	0.005758
1897	0.005575
1898	0.005176
1899	0.005453
1900	0.005217
1901	0.004898
1902	0.005167
1903	 0.00488
1904	0.004651
1905	0.004877
1906	0.004598
1907	0.004396
1908	 0.00462
1909	0.004319
1910	0.004174
1911	0.004365
1912	0.004062
1913	0.003958
1914	0.004134
1915	0.003808
1916	0.003757
1917	0.003907
1918	0.003568
1919	0.003575
1920	0.003667
1921	0.003357
1922	0.003389
1923	0.003441
1924	0.003146
1925	0.003213
1926	0.003215
1927	0.002953
1928	0.003026
1929	0.003007
1930	0.002761
1931	0.002846
1932	0.002798
1933	0.002574
1934	0.002675
1935	0.002587
1936	0.002398
1937	0.002501
1938	0.002385
1939	0.002225
1940	0.002331
1941	0.002184
1942	 0.00207
1943	 0.00215
1944	   0.002
1945	0.001913
1946	0.001977
1947	0.001821
1948	0.001762
1949	0.001809
1950	0.001656
1951	0.001615
1952	0.001648
1953	  0.0015
1954	0.001477
1955	0.001496
1956	0.001351
1957	0.001354
1958	0.001348
1959	 0.00122
1960	0.001235
1961	0.001214
1962	0.001099
1963	0.001126
1964	0.001085
1965	0.0009962
1966	 0.00102
1967	0.0009744
1968	0.0009009
1969	0.0009269
1970	0.0008736
1971	0.0008163
1972	0.0008414
1973	0.0007844
1974	0.0007407
1975	0.000764
1976	0.0007054
1977	0.0006745
1978	0.0006954
1979	0.0006333
1980	0.0006192
1981	0.0006296
1982	0.0005729
1983	0.0005681
1984	0.0005728
1985	0.0005191
1986	0.0005241
1987	0.000519
1988	0.0004751
1989	0.0004821
1990	0.0004735
1991	0.0004351
1992	0.0004462
1993	0.0004318
1994	0.0004004
1995	0.0004137
1996	0.0003957
1997	0.0003701
1998	0.0003853
1999	0.000363
2000	0.000345
2001	0.0003596
2002	0.0003347
2003	0.0003246
2004	0.0003364
2005	0.0003107
2006	0.0003078
2007	0.0003159
2008	0.0002914
2009	0.0002938
2010	0.0002981
2011	0.0002762
2012	0.0002819
2013	0.0002837
2014	0.0002637
2015	0.000273
2016	0.000271
2017	0.0002547
2018	0.000266
2019	0.0002612
2020	0.0002471
2021	0.0002618
2022	0.0002519
2023	0.0002433
2024	0.0002574
2025	0.0002453
2026	0.0002406
2027	0.0002543
2028	0.0002391
2029	0.0002402
2030	 0.00025
2031	0.0002351
2032	0.0002393
2033	0.0002464
2034	0.000231
2035	0.0002386
2036	0.0002417
2037	0.0002275
2038	0.0002365
2039	0.0002365
2040	0.0002228
2041	0.000234
2042	0.0002288
2043	0.0002179
2044	0.0002291
2045	0.0002198
2046	0.0002114
2047	0.0002224
2048	0.0002086
2049	0.0002047
2050	0.0002123
2051	0.0001971
2052	0.0001961
2053	0.0002004
2054	0.000185
2055	0.0001867
2056	0.0001872
2057	0.0001732
2058	0.0001766
2059	0.0001742
2060	0.0001618
2061	0.0001667
2062	0.000162
2063	0.000152
2064	0.0001578
2065	0.0001512
2066	0.0001439
2067	0.0001502
2068	0.0001414
2069	0.0001374
2070	0.0001424
2071	0.0001322
2072	0.0001304
2073	0.0001325
2074	0.0001206
2075	0.0001194
2076	0.0001167
2077	0.0001039
2078	0.0001012
2079	9.39e-05
2080	8.137e-05
2081	7.71e-05
2082	6.808e-05
2083	5.801e-05
2084	5.417e-05
2085	4.681e-05
2086	4.081e-05
2087	3.932e-05
2088	3.519e-05
2089	3.355e-05
2090	3.527e-05
2091	3.468e-05
2092	3.753e-05
2093	4.34e-05
2094	4.608e-05
2095	5.381e-05
2096	6.193e-05
2097	6.38e-05
2098	6.971e-05
2099	6.915e-05
2100	6.137e-05
2101	5.714e-05
2102	4.733e-05
2103	3.772e-05
2104	3.285e-05
2105	2.685e-05
2106	2.333e-05
2107	2.327e-05
2108	2.26e-05
2109	2.434e-05
2110	2.867e-05
2111	3.101e-05
2112	3.486e-05
2113	3.801e-05
2114	3.501e-05
2115	3.287e-05
2116	2.854e-05
2117	2.257e-05
2118	2.003e-05
2119	1.775e-05
2120	1.626e-05
2121	1.791e-05
2122	1.934e-05
2123	2.137e-05
2124	2.518e-05
2125	2.537e-05
2126	2.426e-05
2127	2.27e-05
2128	1.825e-05
2129	1.566e-05
2130	1.43e-05
2131	1.299e-05
2132	1.39e-05
2133	1.576e-05
2134	1.68e-05
2135	1.899e-05
2136	1.899e-05
2137	1.661e-05
2138	1.498e-05
2139	1.247e-05
2140	1.066e-05
2141	1.082e-05
2142	1.094e-05
2143	1.198e-05
2144	1.402e-05
2145	 1.4e-05
2146	1.352e-05
2147	1.242e-05
2148	9.963e-06
2149	8.975e-06
2150	8.631e-06
2151	8.482e-06
2152	9.776e-06
2153	1.088e-05
2154	1.089e-05
2155	1.094e-05
2156	9.428e-06
2157	7.871e-06
2158	7.413e-06
2159	6.99e-06
2160	7.368e-06
2161	8.579e-06
2162	8.832e-06
2163	8.806e-06
2164	8.244e-06
2165	6.692e-06
2166	6.042e-06
2167	5.863e-06
2168	5.81e-06
2169	6.67e-06
2170	7.189e-06
2171	6.814e-06
2172	6.494e-06
2173	5.445e-06
2174	4.693e-06
2175	4.752e-06
2176	4.801e-06
2177	5.214e-06
2178	5.749e-06
2179	5.23e-06
2180	4.699e-06
2181	4.156e-06
2182	3.593e-06
2183	3.712e-06
2184	4.058e-06
2185	4.174e-06
2186	4.393e-06
2187	3.967e-06
2188	3.313e-06
2189	3.092e-06
2190	2.92e-06
2191	3.032e-06
2192	3.471e-06
2193	3.423e-06
2194	3.205e-06
2195	2.921e-06
2196	2.455e-06
2197	2.42e-06
2198	2.614e-06
2199	2.692e-06
2200	2.895e-06
2201	2.715e-06
2202	2.282e-06
2203	2.148e-06
2204	2.044e-06
2205	2.114e-06
2206	2.401e-06
2207	2.342e-06
2208	2.138e-06
2209	1.948e-06
2210	1.673e-06
2211	1.688e-06
2212	1.853e-06
2213	1.874e-06
2214	1.889e-06
2215	1.703e-06
2216	1.42e-06
2217	1.385e-06
2218	1.406e-06
2219	1.461e-06
2220	1.583e-06
2221	1.436e-06
2222	1.242e-06
2223	1.172e-06
2224	1.099e-06
2225	1.174e-06
2226	1.282e-06
2227	1.178e-06
2228	1.08e-06
2229	9.647e-07
2230	8.712e-07
2231	9.445e-07
2232	9.96e-07
2233	9.556e-07
2234	9.153e-07
2235	7.806e-07
2236	7.181e-07
2237	7.681e-07
2238	7.844e-07
2239	7.933e-07
2240	7.532e-07
2241	6.277e-07
2242	5.928e-07
2243	6.104e-07
2244	6.203e-07
2245	6.575e-07
2246	6.068e-07
2247	5.15e-07
2248	4.979e-07
2249	4.916e-07
2250	5.109e-07
2251	5.447e-07
2252	4.821e-07
2253	4.264e-07
2254	4.112e-07
2255	3.993e-07
2256	4.359e-07
2257	4.495e-07
2258	3.926e-07
2259	3.634e-07
2260	3.393e-07
2261	3.379e-07
2262	3.765e-07
2263	3.655e-07
2264	3.275e-07
2265	3.089e-07
2266	2.862e-07
2267	3.017e-07
2268	3.281e-07
2269	3.028e-07
2270	2.797e-07
2271	2.605e-07
2272	2.494e-07
2273	2.762e-07
2274	2.844e-07
2275	2.583e-07
2276	2.433e-07
2277	2.239e-07
2278	2.278e-07
2279	2.542e-07
2280	2.438e-07
2281	2.25e-07
2282	2.13e-07
2283	1.998e-07
2284	2.18e-07
2285	2.302e-07
2286	2.099e-07
2287	1.986e-07
2288	1.868e-07
2289	1.872e-07
2290	2.098e-07
2291	2.024e-07
2292	1.834e-07
2293	1.758e-07
2294	1.678e-07
2295	1.814e-07
2296	1.928e-07
2297	1.736e-07
2298	1.616e-07
2299	1.562e-07
2300	1.565e-07
2301	1.728e-07
2302	1.659e-07
2303	1.468e-07
2304	1.431e-07
2305	1.41e-07
2306	1.482e-07
2307	1.545e-07
2308	1.358e-07
2309	1.264e-07
2310	1.287e-07
2311	1.295e-07
2312	1.367e-07
2313	1.278e-07
2314	1.115e-07
2315	1.135e-07
2316	1.168e-07
2317	1.182e-07
2318	1.176e-07
2319	1.019e-07
2320	9.766e-08
2321	1.05e-07
2322	1.048e-07
2323	1.036e-07
2324	9.522e-08
2325	8.576e-08
2326	9.174e-08
2327	9.557e-08
2328	9.033e-08
2329	8.609e-08
2330	7.807e-08
2331	7.859e-08
2332	8.553e-08
2333	8.038e-08
2334	7.395e-08
2335	7.069e-08
2336	6.819e-08
2337	7.329e-08
2338	7.208e-08
2339	6.31e-08
2340	6.126e-08
2341	6.098e-08
2342	6.195e-08
2343	6.337e-08
2344	5.555e-08
2345	5.164e-08
2346	5.432e-08
2347	5.39e-08
2348	5.351e-08
2349	4.927e-08
2350	4.396e-08
2351	4.636e-08
2352	4.79e-08
2353	4.471e-08
2354	4.246e-08
2355	3.868e-08
2356	3.914e-08
2357	4.211e-08
2358	3.856e-08
2359	3.534e-08
2360	3.427e-08
2361	3.365e-08
2362	3.553e-08
2363	3.371e-08
2364	2.942e-08
2365	2.953e-08
2366	2.994e-08
2367	2.967e-08
2368	2.881e-08
2369	2.531e-08
2370	2.471e-08
2371	2.646e-08
2372	2.513e-08
2373	2.362e-08
2374	2.202e-08
2375	 2.1e-08
2376	2.258e-08
2377	2.171e-08
2378	1.914e-08
2379	1.868e-08
2380	1.835e-08
2381	1.866e-08
2382	1.844e-08
2383	1.589e-08
2384	1.544e-08
2385	1.616e-08
2386	1.558e-08
2387	1.495e-08
2388	1.353e-08
2389	1.282e-08
2390	1.384e-08
2391	1.327e-08
2392	1.19e-08
2393	1.144e-08
2394	1.102e-08
2395	1.144e-08
2396	1.118e-08
2397	9.673e-09
2398	9.436e-09
2399	9.696e-09
2400	9.398e-09
2401	9.067e-09
2402	8.105e-09
2403	7.789e-09
2404	8.369e-09
2405	7.872e-09
2406	7.174e-09
2407	6.908e-09
2408	6.684e-09
2409	6.97e-09
2410	6.655e-09
2411	5.804e-09
2412	5.859e-09
2413	5.938e-09
2414	5.725e-09
2415	5.482e-09
2416	4.921e-09
2417	4.934e-09
2418	5.209e-09
2419	4.73e-09
2420	 4.4e-09
2421	4.309e-09
2422	4.241e-09
2423	4.381e-09
2424	3.985e-09
2425	3.614e-09
2426	3.788e-09
2427	3.764e-09
2428	3.566e-09
2429	3.371e-09
2430	3.135e-09
2431	3.275e-09
2432	3.302e-09
2433	2.914e-09
2434	2.819e-09
2435	2.837e-09
2436	2.813e-09
2437	2.775e-09
2438	2.481e-09
2439	2.403e-09
2440	2.578e-09
2441	2.432e-09
2442	2.263e-09
2443	2.182e-09
2444	2.129e-09
2445	2.233e-09
2446	2.088e-09
2447	1.865e-09
2448	1.931e-09
2449	1.943e-09
2450	1.858e-09
2451	1.775e-09
2452	1.636e-09
2453	1.703e-09
2454	1.737e-09
2455	1.541e-09
2456	1.49e-09
2457	1.502e-09
2458	1.486e-09
2459	1.467e-09
2460	1.321e-09
2461	1.285e-09
2462	1.375e-09
2463	1.289e-09
2464	1.199e-09
2465	1.173e-09
2466	1.154e-09
2467	1.189e-09
2468	1.105e-09
2469	1.004e-09
2470	1.055e-09
2471	1.053e-09
2472	9.824e-10
2473	9.453e-10
2474	9.011e-10
2475	9.332e-10
2476	9.249e-10
2477	8.184e-10
2478	8.168e-10
2479	8.419e-10
2480	8.042e-10
2481	7.767e-10
2482	7.23e-10
2483	7.262e-10
2484	7.604e-10
2485	6.837e-10
2486	6.486e-10
2487	6.673e-10
2488	6.53e-10
2489	6.403e-10
2490	5.936e-10
2491	5.691e-10
2492	6.086e-10
2493	5.741e-10
2494	5.235e-10
2495	5.291e-10
2496	5.222e-10
2497	5.195e-10
2498	4.887e-10
2499	4.496e-10
2500	4.724e-10
2501	4.685e-10
2502	4.213e-10
2503	4.119e-10
2504	4.069e-10
2505	4.032e-10
2506	3.893e-10
2507	3.479e-10
2508	3.509e-10
2509	3.606e-10
2510	3.25e-10
2511	3.079e-10
2512	3.025e-10
2513	2.966e-10
2514	2.927e-10
2515	2.609e-10
2516	2.51e-10
2517	2.638e-10
2518	2.427e-10
2519	2.249e-10
2520	2.201e-10
2521	2.146e-10
2522	2.148e-10
2523	1.951e-10
2524	1.804e-10
2525	1.903e-10
2526	1.805e-10
2527	1.644e-10
2528	1.601e-10
2529	1.55e-10
2530	1.558e-10
2531	1.447e-10
2532	1.308e-10
2533	1.361e-10
2534	1.34e-10
2535	1.212e-10
2536	1.178e-10
2537	1.15e-10
2538	1.149e-10
2539	1.102e-10
2540	9.875e-11
2541	1.011e-10
2542	1.028e-10
2543	9.314e-11
2544	9.003e-11
2545	8.939e-11
2546	8.88e-11
2547	8.739e-11
2548	7.939e-11
2549	7.983e-11
2550	8.388e-11
2551	7.674e-11
2552	7.371e-11
2553	7.462e-11
2554	7.382e-11
2555	7.341e-11
2556	6.795e-11
2557	6.718e-11
2558	7.183e-11
2559	6.659e-11
2560	6.319e-11
2561	6.518e-11
2562	6.436e-11
2563	6.397e-11
2564	6.031e-11
2565	5.905e-11
2566	6.319e-11
2567	5.95e-11
2568	5.548e-11
2569	5.78e-11
2570	5.722e-11
2571	5.575e-11
2572	5.356e-11
2573	5.196e-11
2574	5.51e-11
2575	5.25e-11
2576	4.835e-11
2577	5.051e-11
2578	5.036e-11
2579	4.79e-11
2580	4.651e-11
2581	4.522e-11
2582	4.674e-11
2583	4.496e-11
2584	4.078e-11
2585	4.237e-11
2586	4.225e-11
2587	3.887e-11
2588	3.775e-11
2589	3.655e-11
2590	3.626e-11
2591	3.44e-11
2592	3.059e-11
2593	3.083e-11
2594	3.023e-11
2595	2.652e-11
2596	2.532e-11
2597	2.433e-11
2598	2.304e-11
2599	2.155e-11
2600	1.929e-11
2601	1.929e-11
2602	1.917e-11
2603	1.707e-11
2604	1.698e-11
2605	1.759e-11
2606	1.734e-11
2607	1.761e-11
2608	1.769e-11
2609	1.93e-11
2610	2.103e-11
2611	2.056e-11
2612	2.229e-11
2613	2.497e-11
2614	2.51e-11
2615	2.561e-11
2616	2.613e-11
2617	2.656e-11
2618	2.642e-11
2619	2.368e-11
2620	2.297e-11
2621	2.308e-11
2622	2.036e-11
2623	1.902e-11
2624	1.89e-11
2625	1.84e-11
2626	1.823e-11
2627	1.763e-11
2628	1.839e-11
2629	2.003e-11
2630	1.913e-11
2631	1.931e-11
2632	2.068e-11
2633	1.98e-11
2634	1.881e-11
2635	1.768e-11
2636	1.686e-11
2637	1.636e-11
2638	1.437e-11
2639	1.374e-11
2640	1.438e-11
2641	1.348e-11
2642	1.321e-11
2643	1.377e-11
2644	1.39e-11
2645	1.401e-11
2646	1.312e-11
2647	1.287e-11
2648	1.308e-11
2649	1.16e-11
2650	1.083e-11
2651	1.106e-11
2652	1.057e-11
2653	1.028e-11
2654	1.026e-11
2655	1.05e-11
2656	1.094e-11
2657	1.017e-11
2658	9.922e-12
2659	1.027e-11
2660	9.339e-12
2661	8.677e-12
2662	8.646e-12
2663	8.45e-12
2664	8.364e-12
2665	8.065e-12
2666	8.174e-12
2667	8.623e-12
2668	7.936e-12
2669	7.569e-12
2670	7.789e-12
2671	7.238e-12
2672	6.814e-12
2673	6.685e-12
2674	6.652e-12
2675	6.778e-12
2676	6.351e-12
2677	 6.3e-12
2678	6.573e-12
2679	5.947e-12
2680	5.557e-12
2681	5.589e-12
2682	5.292e-12
2683	5.109e-12
2684	4.907e-12
2685	4.925e-12
2686	5.033e-12
2687	4.545e-12
2688	4.381e-12
2689	4.452e-12
2690	4.039e-12
2691	3.799e-12
2692	3.802e-12
2693	3.704e-12
2694	3.651e-12
2695	3.385e-12
2696	3.352e-12
2697	3.331e-12
2698	2.932e-12
2699	2.788e-12
2700	2.823e-12
2701	2.623e-12
2702	2.507e-12
2703	2.467e-12
2704	2.413e-12
2705	2.346e-12
2706	2.113e-12
2707	2.087e-12
2708	2.099e-12
2709	1.899e-12
2710	1.857e-12
2711	1.904e-12
2712	1.782e-12
2713	1.701e-12
2714	1.612e-12
2715	1.584e-12
2716	1.545e-12
2717	1.412e-12
2718	1.439e-12
2719	1.474e-12
2720	1.338e-12
2721	1.315e-12
2722	1.313e-12
2723	1.241e-12
2724	1.198e-12
2725	1.149e-12
2726	1.167e-12
2727	1.146e-12
2728	1.035e-12
2729	1.051e-12
2730	1.037e-12
2731	9.389e-13
2732	9.345e-13
2733	9.364e-13
2734	9.092e-13
2735	8.792e-13
2736	8.338e-13
2737	8.459e-13
2738	8.097e-13
2739	7.392e-13
2740	7.704e-13
2741	7.631e-13
2742	7.094e-13
2743	7.082e-13
2744	6.994e-13
2745	6.751e-13
2746	6.479e-13
2747	6.215e-13
2748	6.422e-13
2749	6.084e-13
2750	5.622e-13
2751	5.827e-13
2752	5.597e-13
2753	5.205e-13
2754	5.246e-13
2755	5.167e-13
2756	5.029e-13
2757	4.756e-13
2758	4.57e-13
2759	4.652e-13
2760	4.329e-13
2761	4.076e-13
2762	4.286e-13
2763	4.018e-13
2764	3.758e-13
2765	3.727e-13
2766	3.586e-13
2767	3.472e-13
2768	3.287e-13
2769	3.224e-13
2770	3.27e-13
2771	2.957e-13
2772	2.841e-13
2773	2.918e-13
2774	2.681e-13
2775	2.563e-13
2776	2.565e-13
2777	2.455e-13
2778	2.368e-13
2779	2.218e-13
2780	2.222e-13
2781	2.207e-13
2782	2.005e-13
2783	1.996e-13
2784	2.016e-13
2785	1.83e-13
2786	1.797e-13
2787	1.803e-13
2788	1.74e-13
2789	1.687e-13
2790	1.609e-13
2791	1.623e-13
2792	1.576e-13
2793	1.455e-13
2794	1.512e-13
2795	1.501e-13
2796	1.386e-13
2797	1.395e-13
2798	1.394e-13
2799	1.337e-13
2800	1.32e-13
2801	1.298e-13
2802	1.327e-13
2803	1.271e-13
2804	1.209e-13
2805	1.282e-13
2806	1.243e-13
2807	1.181e-13
2808	1.239e-13
2809	1.22e-13
2810	1.182e-13
2811	1.181e-13
2812	1.185e-13
2813	1.207e-13
2814	1.158e-13
2815	1.15e-13
2816	1.22e-13
2817	1.146e-13
2818	1.136e-13
2819	1.204e-13
2820	1.158e-13
2821	1.146e-13
2822	1.165e-13
2823	1.175e-13
2824	1.185e-13
2825	1.146e-13
2826	1.185e-13
2827	1.217e-13
2828	1.142e-13
2829	1.191e-13
2830	1.248e-13
2831	1.187e-13
2832	1.212e-13
2833	1.239e-13
2834	1.238e-13
2835	1.239e-13
2836	1.234e-13
2837	1.299e-13
2838	1.285e-13
2839	1.238e-13
2840	1.326e-13
2841	1.338e-13
2842	1.286e-13
2843	1.367e-13
2844	1.388e-13
2845	1.375e-13
2846	1.405e-13
2847	1.435e-13
2848	1.496e-13
2849	1.462e-13
2850	1.47e-13
2851	1.581e-13
2852	1.525e-13
2853	1.527e-13
2854	1.643e-13
2855	1.614e-13
2856	1.608e-13
2857	1.682e-13
2858	1.706e-13
2859	1.744e-13
2860	1.722e-13
2861	1.795e-13
2862	1.87e-13
2863	1.783e-13
2864	1.886e-13
2865	1.986e-13
2866	1.898e-13
2867	1.98e-13
2868	2.063e-13
2869	2.062e-13
2870	2.099e-13
2871	2.131e-13
2872	2.226e-13
2873	2.228e-13
2874	2.195e-13
2875	2.386e-13
2876	2.375e-13
2877	2.311e-13
2878	 2.5e-13
2879	2.519e-13
2880	2.503e-13
2881	2.605e-13
2882	2.654e-13
2883	2.699e-13
2884	2.683e-13
2885	2.761e-13
2886	2.916e-13
2887	2.802e-13
2888	2.865e-13
2889	3.067e-13
2890	2.95e-13
2891	2.999e-13
2892	3.158e-13
2893	3.096e-13
2894	3.119e-13
2895	3.152e-13
2896	3.248e-13
2897	3.261e-13
2898	3.17e-13
2899	3.332e-13
2900	3.358e-13
2901	3.191e-13
2902	3.378e-13
2903	3.406e-13
2904	3.25e-13
2905	3.367e-13
2906	3.394e-13
2907	3.372e-13
2908	3.353e-13
2909	3.342e-13
2910	3.461e-13
2911	3.318e-13
2912	3.304e-13
2913	3.502e-13
2914	3.309e-13
2915	3.277e-13
2916	3.439e-13
2917	3.314e-13
2918	3.27e-13
2919	3.312e-13
2920	3.282e-13
2921	3.27e-13
2922	3.16e-13
2923	3.248e-13
2924	3.238e-13
2925	3.033e-13
2926	3.165e-13
2927	3.168e-13
2928	2.97e-13
2929	3.061e-13
2930	3.05e-13
2931	2.944e-13
2932	2.934e-13
2933	2.909e-13
2934	2.906e-13
2935	2.796e-13
2936	2.751e-13
2937	2.845e-13
2938	2.677e-13
2939	2.613e-13
2940	2.728e-13
2941	2.572e-13
2942	2.521e-13
2943	2.58e-13
2944	2.495e-13
2945	2.445e-13
2946	2.42e-13
2947	2.414e-13
2948	2.378e-13
2949	2.256e-13
2950	2.316e-13
2951	2.292e-13
2952	2.133e-13
2953	2.203e-13
2954	2.179e-13
2955	2.041e-13
2956	2.086e-13
2957	2.056e-13
2958	1.988e-13
2959	1.956e-13
2960	1.925e-13
2961	1.938e-13
2962	1.837e-13
2963	1.806e-13
2964	1.86e-13
2965	1.733e-13
2966	1.705e-13
2967	1.76e-13
2968	1.64e-13
2969	1.615e-13
2970	1.63e-13
2971	1.572e-13
2972	1.539e-13
2973	1.497e-13
2974	1.501e-13
2975	1.464e-13
2976	1.384e-13
2977	1.429e-13
2978	1.375e-13
2979	1.289e-13
2980	1.337e-13
2981	1.29e-13
2982	1.222e-13
2983	1.236e-13
2984	1.206e-13
2985	1.169e-13
2986	1.139e-13
2987	1.12e-13
2988	1.113e-13
2989	1.046e-13
2990	1.047e-13
2991	1.053e-13
2992	9.705e-14
2993	9.727e-14
2994	9.84e-14
2995	9.135e-14
2996	9.102e-14
2997	9.042e-14
2998	8.663e-14
2999	8.493e-14
3000	8.295e-14
3001	8.256e-14
3002	7.907e-14
3003	7.637e-14
3004	7.849e-14
3005	7.406e-14
3006	7.103e-14
3007	7.38e-14
3008	6.959e-14
3009	6.729e-14
3010	6.859e-14
3011	6.576e-14
3012	6.428e-14
3013	6.364e-14
3014	6.28e-14
3015	6.181e-14
3016	5.883e-14
3017	6.014e-14
3018	5.915e-14
3019	5.525e-14
3020	5.731e-14
3021	5.599e-14
3022	5.267e-14
3023	5.407e-14
3024	5.27e-14
3025	5.053e-14
3026	5.043e-14
3027	4.939e-14
3028	4.869e-14
3029	4.661e-14
3030	4.631e-14
3031	4.665e-14
3032	4.343e-14
3033	4.363e-14
3034	4.418e-14
3035	4.091e-14
3036	4.134e-14
3037	4.143e-14
3038	3.907e-14
3039	 3.9e-14
3040	3.861e-14
3041	3.77e-14
3042	3.665e-14
3043	3.59e-14
3044	3.619e-14
3045	3.445e-14
3046	3.343e-14
3047	3.44e-14
3048	3.215e-14
3049	3.131e-14
3050	3.213e-14
3051	3.006e-14
3052	2.934e-14
3053	2.948e-14
3054	2.822e-14
3055	2.747e-14
3056	2.681e-14
3057	2.652e-14
3058	2.566e-14
3059	2.439e-14
3060	2.476e-14
3061	2.367e-14
3062	2.225e-14
3063	2.283e-14
3064	2.162e-14
3065	2.031e-14
3066	2.069e-14
3067	1.957e-14
3068	1.868e-14
3069	1.836e-14
3070	1.765e-14
3071	1.708e-14
3072	1.607e-14
3073	1.582e-14
3074	1.526e-14
3075	1.397e-14
3076	1.397e-14
3077	1.335e-14
3078	1.211e-14
3079	1.212e-14
3080	1.149e-14
3081	1.054e-14
3082	1.033e-14
3083	9.772e-15
3084	9.183e-15
3085	8.707e-15
3086	8.273e-15
3087	7.949e-15
3088	7.267e-15
3089	7.021e-15
3090	6.801e-15
3091	6.084e-15
3092	5.993e-15
3093	5.79e-15
3094	5.235e-15
3095	5.148e-15
3096	4.973e-15
3097	4.627e-15
3098	4.506e-15
3099	4.361e-15
3100	4.215e-15
3101	4.049e-15
3102	3.959e-15
3103	3.974e-15
3104	3.755e-15
3105	3.748e-15
3106	3.86e-15
3107	3.638e-15
3108	3.697e-15
3109	3.836e-15
3110	3.671e-15
3111	3.762e-15
3112	3.855e-15
3113	3.806e-15
3114	3.859e-15
3115	3.894e-15
3116	3.943e-15
3117	3.882e-15
3118	3.853e-15
3119	3.952e-15
3120	3.744e-15
3121	3.643e-15
3122	3.713e-15
3123	3.384e-15
3124	3.237e-15
3125	3.171e-15
3126	2.842e-15
3127	2.664e-15
3128	2.496e-15
3129	2.258e-15
3130	2.073e-15
3131	1.897e-15
3132	1.779e-15
3133	1.618e-15
3134	1.494e-15
3135	1.484e-15
3136	1.373e-15
3137	1.329e-15
3138	1.393e-15
3139	1.345e-15
3140	1.372e-15
3141	1.469e-15
3142	1.464e-15
3143	1.517e-15
3144	1.571e-15
3145	1.571e-15
3146	1.558e-15
3147	1.506e-15
3148	1.485e-15
3149	1.376e-15
3150	1.272e-15
3151	1.254e-15
3152	1.146e-15
3153	1.084e-15
3154	1.116e-15
3155	1.073e-15
3156	1.087e-15
3157	1.165e-15
3158	1.175e-15
3159	1.217e-15
3160	1.26e-15
3161	1.256e-15
3162	1.218e-15
3163	1.151e-15
3164	1.103e-15
3165	9.998e-16
3166	9.039e-16
3167	8.857e-16
3168	8.17e-16
3169	7.826e-16
3170	8.214e-16
3171	8.014e-16
3172	8.103e-16
3173	8.493e-16
3174	8.204e-16
3175	7.955e-16
3176	7.667e-16
3177	7.14e-16
3178	6.625e-16
3179	6.166e-16
3180	6.08e-16
3181	5.891e-16
3182	5.826e-16
3183	6.294e-16
3184	6.315e-16
3185	6.364e-16
3186	6.731e-16
3187	6.35e-16
3188	6.063e-16
3189	5.995e-16
3190	5.542e-16
3191	5.402e-16
3192	5.44e-16
3193	5.519e-16
3194	5.692e-16
3195	5.812e-16
3196	 6.1e-16
3197	5.956e-16
3198	5.674e-16
3199	5.675e-16
3200	5.197e-16
3201	4.937e-16
3202	5.091e-16
3203	4.905e-16
3204	5.034e-16
3205	5.362e-16
3206	5.292e-16
3207	5.296e-16
3208	5.226e-16
3209	4.989e-16
3210	4.766e-16
3211	4.614e-16
3212	4.699e-16
3213	4.682e-16
3214	4.74e-16
3215	5.049e-16
3216	4.847e-16
3217	4.716e-16
3218	4.717e-16
3219	4.291e-16
3220	4.18e-16
3221	4.257e-16
3222	4.169e-16
3223	4.321e-16
3224	4.501e-16
3225	4.494e-16
3226	4.414e-16
3227	4.259e-16
3228	4.145e-16
3229	3.923e-16
3230	3.852e-16
3231	4.01e-16
3232	3.916e-16
3233	3.967e-16
3234	4.086e-16
3235	3.769e-16
3236	3.666e-16
3237	3.623e-16
3238	3.377e-16
3239	3.424e-16
3240	3.483e-16
3241	3.43e-16
3242	3.402e-16
3243	3.288e-16
3244	3.154e-16
3245	2.946e-16
3246	2.856e-16
3247	2.894e-16
3248	2.799e-16
3249	2.86e-16
3250	2.928e-16
3251	2.703e-16
3252	2.666e-16
3253	2.596e-16
3254	2.402e-16
3255	2.465e-16
3256	2.498e-16
3257	2.471e-16
3258	2.508e-16
3259	2.447e-16
3260	2.357e-16
3261	2.238e-16
3262	2.196e-16
==================== TIMER SUMMARY =========================================
label               	calls     	total time 	mean time 	total Gflops 	mean Gflops  	Gflops/s	total datastream	mean datastream	bandwidth Gbyte/s 
----------------------------------------------
  1. total iteration	      3263	      1913	    0.5864	 1.339e+04	     4.104	     6.998	      7048	      2.16	     3.683
     2. rho = <r, r>	      3263	     74.43	   0.02281	      1410	     0.432	     18.94	      5638	     1.728	     75.75
3. p = r + alpha * p	      3262	     161.3	   0.04945	      2114	     0.648	      13.1	 1.127e+04	     3.456	     69.89
       4. q = op * p	      3262	      1270	    0.3892	      4228	     1.296	      3.33	     704.6	     0.216	     0.555
     5. beta = <p,q>	      3262	       108	   0.03312	      1409	     0.432	     13.04	 1.127e+04	     3.456	     104.4
6. x = x + alpha * p	      3262	     138.4	   0.04242	      2114	     0.648	     15.28	 1.127e+04	     3.456	     81.47
7. r = r - alpha * q	      3262	     161.6	   0.04954	      2114	     0.648	     13.08	 1.127e+04	     3.456	     69.76
    Before cg_solver	         1	      1914	      1914	         0	         0	         0	         0	         0	         0
    Start of program	         1	      1914	      1914	         0	         0	         0	         0	         0	         0
============================================================================
